#
# A fatal error has been detected by the Java Runtime Environment:
#
#  EXCEPTION_ACCESS_VIOLATION (0xc0000005) at pc=0x000000006dccb0f5, pid=11336, tid=8108
#
# JRE version: 6.0_24-b07
# Java VM: Java HotSpot(TM) 64-Bit Server VM (19.1-b02 mixed mode windows-amd64 )
# Problematic frame:
# V  [jvm.dll+0x43b0f5]
#
# If you would like to submit a bug report, please visit:
#   http://java.sun.com/webapps/bugreport/crash.jsp
#

---------------  T H R E A D  ---------------

Current thread (0x000000005ce6d000):  VMThread [stack: 0x000000005ff10000,0x0000000060010000] [id=8108]

siginfo: ExceptionCode=0xc0000005, reading address 0x0000000000000029

Registers:
RAX=0x0000000000000028, RBX=0x00000000003fff00, RCX=0x00000000028cdd40, RDX=0x0000000080094900
RSP=0x000000006000f720, RBP=0x0000000000000000, RSI=0x0000000000000001, RDI=0x0000000100000000
R8=0x000000008002f378, R9=0x00000000029c0000, R10=0x000000006000f7a8, R11=0x00000000028e85a0
R12=0x0000000000000001, R13=0x000000008002f378, R14=0x00000000028e85d0, R15=0x0000000000000000
RIP=0x000000006dccb0f5, EFLAGS=0x0000000000010246

Register to memory mapping:

RAX=0x0000000000000028
0x0000000000000028 is pointing to unknown location

RBX=0x00000000003fff00
0x00000000003fff00 is pointing to unknown location

RCX=0x00000000028cdd40
0x00000000028cdd40 is pointing to unknown location

RDX=0x0000000080094900
java.lang.ref.Reference 
 - klass: 'java/lang/ref/Reference'

RSP=0x000000006000f720
0x000000006000f720 is pointing to unknown location

RBP=0x0000000000000000
0x0000000000000000 is pointing to unknown location

RSI=0x0000000000000001
0x0000000000000001 is pointing to unknown location

RDI=0x0000000100000000
[I 
 - klass: {type array int}
 - length: -1374100074

R8 =0x000000008002f378
{instance class} 
 - klass: {other class}

R9 =0x00000000029c0000
0x00000000029c0000 is pointing to unknown location

R10=0x000000006000f7a8
0x000000006000f7a8 is pointing to unknown location

R11=0x00000000028e85a0
0x00000000028e85a0 is pointing to unknown location

R12=0x0000000000000001
0x0000000000000001 is pointing to unknown location

R13=0x000000008002f378
{instance class} 
 - klass: {other class}

R14=0x00000000028e85d0
0x00000000028e85d0 is pointing to unknown location

R15=0x0000000000000000
0x0000000000000000 is pointing to unknown location


Top of Stack: (sp=0x000000006000f720)
0x000000006000f720:   00000000615ff1e0 000000006dc6691a
0x000000006000f730:   00000000615ff1f0 00000000028cde50
0x000000006000f740:   0000000000000012 00000000028ce830
0x000000006000f750:   000000000002f4e0 0000000000000000
0x000000006000f760:   00000000028e7910 0000000000000002
0x000000006000f770:   000000008002f378 000000006dccb92a
0x000000006000f780:   00000000028cdee0 0000000000000000
0x000000006000f790:   0000000000000000 0000000000000030
0x000000006000f7a0:   0000000000000000 000007fefe5510c8
0x000000006000f7b0:   000000006000f750 000000000002f4e0
0x000000006000f7c0:   0000000200000018 0000000000000c00
0x000000006000f7d0:   00000000028cdee0 000000006dccc657
0x000000006000f7e0:   0000000000000000 00000005fb3191f0
0x000000006000f7f0:   00000000028e7910 000000008002f378
0x000000006000f800:   00000000028cdd40 000000006dcbaafc
0x000000006000f810:   00000000028cdd40 00000000028cde50 

Instructions: (pc=0x000000006dccb0f5)
0x000000006dccb0e5:   e0 49 d3 e4 4c 03 e5 eb 0b 48 63 05 0f 48 24 00
0x000000006dccb0f5:   4c 8b 24 30 4c 3b e2 0f 85 91 03 00 00 49 8b ce 


Stack: [0x000000005ff10000,0x0000000060010000],  sp=0x000000006000f720,  free space=1021k
Native frames: (J=compiled Java code, j=interpreted, Vv=VM code, C=native code)
V  [jvm.dll+0x43b0f5]

[error occurred during error reporting (printing native stack), id 0xc0000005]

VM_Operation (0x0000000063afeef0): ParallelGCFailedAllocation, mode: safepoint, requested by thread 0x0000000060b04800


---------------  P R O C E S S  ---------------

Java Threads: ( => current thread )
  0x0000000060c72800 JavaThread "AWT-Windows" daemon [_thread_blocked, id=14176, stack(0x0000000065700000,0x0000000065800000)]
  0x0000000060c71000 JavaThread "Java2D Disposer" daemon [_thread_blocked, id=5744, stack(0x0000000065500000,0x0000000065600000)]
  0x0000000060c70000 JavaThread "pool-1-thread-64" [_thread_blocked, id=10484, stack(0x0000000065400000,0x0000000065500000)]
  0x0000000060c6f800 JavaThread "pool-1-thread-63" [_thread_blocked, id=11888, stack(0x0000000065300000,0x0000000065400000)]
  0x0000000060c6e800 JavaThread "pool-1-thread-62" [_thread_blocked, id=6868, stack(0x0000000065200000,0x0000000065300000)]
  0x0000000060c6e000 JavaThread "pool-1-thread-61" [_thread_blocked, id=10188, stack(0x0000000065100000,0x0000000065200000)]
  0x0000000060c6d000 JavaThread "pool-1-thread-60" [_thread_blocked, id=11416, stack(0x0000000065000000,0x0000000065100000)]
  0x0000000060c6c800 JavaThread "pool-1-thread-59" [_thread_blocked, id=12792, stack(0x0000000064f00000,0x0000000065000000)]
  0x0000000060c6c000 JavaThread "pool-1-thread-58" [_thread_blocked, id=9780, stack(0x0000000064e00000,0x0000000064f00000)]
  0x0000000060c6b000 JavaThread "pool-1-thread-57" [_thread_blocked, id=14016, stack(0x0000000064d00000,0x0000000064e00000)]
  0x0000000060c6a800 JavaThread "pool-1-thread-56" [_thread_blocked, id=12088, stack(0x0000000064c00000,0x0000000064d00000)]
  0x0000000060b10800 JavaThread "pool-1-thread-55" [_thread_blocked, id=4532, stack(0x0000000064b00000,0x0000000064c00000)]
  0x0000000060b10000 JavaThread "pool-1-thread-54" [_thread_blocked, id=14208, stack(0x0000000064a00000,0x0000000064b00000)]
  0x0000000060b0f000 JavaThread "pool-1-thread-53" [_thread_blocked, id=12528, stack(0x0000000064900000,0x0000000064a00000)]
  0x0000000060b0e800 JavaThread "pool-1-thread-52" [_thread_blocked, id=5300, stack(0x0000000064800000,0x0000000064900000)]
  0x0000000060b0e000 JavaThread "pool-1-thread-51" [_thread_blocked, id=11704, stack(0x0000000064700000,0x0000000064800000)]
  0x0000000060b0d000 JavaThread "pool-1-thread-50" [_thread_blocked, id=9132, stack(0x0000000064600000,0x0000000064700000)]
  0x0000000060b0c800 JavaThread "pool-1-thread-49" [_thread_blocked, id=3896, stack(0x0000000064500000,0x0000000064600000)]
  0x0000000060b0b800 JavaThread "pool-1-thread-48" [_thread_blocked, id=7496, stack(0x0000000064400000,0x0000000064500000)]
  0x0000000060b0b000 JavaThread "pool-1-thread-47" [_thread_blocked, id=13192, stack(0x0000000064300000,0x0000000064400000)]
  0x0000000060b0a000 JavaThread "pool-1-thread-46" [_thread_blocked, id=5576, stack(0x0000000064200000,0x0000000064300000)]
  0x0000000060b09800 JavaThread "pool-1-thread-45" [_thread_blocked, id=13520, stack(0x0000000064100000,0x0000000064200000)]
  0x0000000060b08800 JavaThread "pool-1-thread-44" [_thread_blocked, id=13416, stack(0x0000000064000000,0x0000000064100000)]
  0x0000000060b08000 JavaThread "pool-1-thread-43" [_thread_blocked, id=13884, stack(0x0000000063f00000,0x0000000064000000)]
  0x0000000060b07800 JavaThread "pool-1-thread-42" [_thread_blocked, id=13252, stack(0x0000000063e00000,0x0000000063f00000)]
  0x0000000060b06800 JavaThread "pool-1-thread-41" [_thread_blocked, id=7580, stack(0x0000000063d00000,0x0000000063e00000)]
  0x0000000060b06000 JavaThread "pool-1-thread-40" [_thread_blocked, id=13600, stack(0x0000000063c00000,0x0000000063d00000)]
  0x0000000060b05000 JavaThread "pool-1-thread-39" [_thread_blocked, id=12408, stack(0x0000000063b00000,0x0000000063c00000)]
  0x0000000060b04800 JavaThread "pool-1-thread-38" [_thread_blocked, id=14148, stack(0x0000000063a00000,0x0000000063b00000)]
  0x0000000060b03800 JavaThread "pool-1-thread-37" [_thread_blocked, id=8792, stack(0x0000000063900000,0x0000000063a00000)]
  0x0000000060b03000 JavaThread "pool-1-thread-36" [_thread_blocked, id=11556, stack(0x0000000063800000,0x0000000063900000)]
  0x0000000060b02000 JavaThread "pool-1-thread-35" [_thread_blocked, id=4064, stack(0x0000000063700000,0x0000000063800000)]
  0x0000000060b01800 JavaThread "pool-1-thread-34" [_thread_blocked, id=13816, stack(0x0000000063600000,0x0000000063700000)]
  0x0000000060a20000 JavaThread "pool-1-thread-33" [_thread_blocked, id=9020, stack(0x0000000063500000,0x0000000063600000)]
  0x0000000060a1f000 JavaThread "pool-1-thread-32" [_thread_blocked, id=11120, stack(0x0000000063400000,0x0000000063500000)]
  0x0000000060a1e800 JavaThread "pool-1-thread-31" [_thread_blocked, id=8968, stack(0x0000000063300000,0x0000000063400000)]
  0x0000000060a1d800 JavaThread "pool-1-thread-30" [_thread_blocked, id=10664, stack(0x0000000063200000,0x0000000063300000)]
  0x0000000060a1d000 JavaThread "pool-1-thread-29" [_thread_blocked, id=12544, stack(0x0000000063100000,0x0000000063200000)]
  0x0000000060a1c800 JavaThread "pool-1-thread-28" [_thread_blocked, id=10428, stack(0x0000000063000000,0x0000000063100000)]
  0x0000000060a1b800 JavaThread "pool-1-thread-27" [_thread_blocked, id=10348, stack(0x0000000062f00000,0x0000000063000000)]
  0x0000000060a1b000 JavaThread "pool-1-thread-26" [_thread_blocked, id=1088, stack(0x0000000062e00000,0x0000000062f00000)]
  0x0000000060a1a000 JavaThread "pool-1-thread-25" [_thread_blocked, id=7832, stack(0x0000000062d00000,0x0000000062e00000)]
  0x0000000060a19800 JavaThread "pool-1-thread-24" [_thread_blocked, id=13148, stack(0x0000000062c00000,0x0000000062d00000)]
  0x0000000060a18800 JavaThread "pool-1-thread-23" [_thread_blocked, id=4384, stack(0x0000000062b00000,0x0000000062c00000)]
  0x0000000060a18000 JavaThread "pool-1-thread-22" [_thread_blocked, id=7868, stack(0x0000000062a00000,0x0000000062b00000)]
  0x0000000060a17000 JavaThread "pool-1-thread-21" [_thread_blocked, id=11056, stack(0x0000000062900000,0x0000000062a00000)]
  0x0000000060a16800 JavaThread "pool-1-thread-20" [_thread_blocked, id=6228, stack(0x0000000062800000,0x0000000062900000)]
  0x0000000060a16000 JavaThread "pool-1-thread-19" [_thread_blocked, id=8492, stack(0x0000000062700000,0x0000000062800000)]
  0x0000000060a15000 JavaThread "pool-1-thread-18" [_thread_blocked, id=9004, stack(0x0000000062600000,0x0000000062700000)]
  0x0000000060a14800 JavaThread "pool-1-thread-17" [_thread_blocked, id=11488, stack(0x0000000062500000,0x0000000062600000)]
  0x0000000060a13800 JavaThread "pool-1-thread-16" [_thread_blocked, id=12772, stack(0x0000000062400000,0x0000000062500000)]
  0x0000000060a13000 JavaThread "pool-1-thread-15" [_thread_blocked, id=13004, stack(0x0000000062300000,0x0000000062400000)]
  0x0000000060a12000 JavaThread "pool-1-thread-14" [_thread_blocked, id=12804, stack(0x0000000062200000,0x0000000062300000)]
  0x0000000060a11800 JavaThread "pool-1-thread-13" [_thread_blocked, id=6132, stack(0x0000000062100000,0x0000000062200000)]
  0x0000000060a10800 JavaThread "pool-1-thread-12" [_thread_blocked, id=8960, stack(0x0000000062000000,0x0000000062100000)]
  0x0000000060b15800 JavaThread "pool-1-thread-11" [_thread_blocked, id=10372, stack(0x0000000061f00000,0x0000000062000000)]
  0x0000000060b64800 JavaThread "pool-1-thread-10" [_thread_blocked, id=5492, stack(0x0000000061e00000,0x0000000061f00000)]
  0x0000000060b63800 JavaThread "pool-1-thread-9" [_thread_blocked, id=6236, stack(0x0000000061d00000,0x0000000061e00000)]
  0x0000000060968800 JavaThread "pool-1-thread-8" [_thread_blocked, id=9580, stack(0x0000000061c00000,0x0000000061d00000)]
  0x00000000608f3000 JavaThread "pool-1-thread-7" [_thread_blocked, id=10900, stack(0x0000000061b00000,0x0000000061c00000)]
  0x00000000608ee000 JavaThread "pool-1-thread-6" [_thread_blocked, id=13508, stack(0x0000000061a00000,0x0000000061b00000)]
  0x0000000060911800 JavaThread "pool-1-thread-5" [_thread_blocked, id=5268, stack(0x0000000061900000,0x0000000061a00000)]
  0x0000000060911000 JavaThread "pool-1-thread-4" [_thread_blocked, id=10940, stack(0x0000000061800000,0x0000000061900000)]
  0x0000000060a64800 JavaThread "pool-1-thread-3" [_thread_blocked, id=12440, stack(0x0000000061700000,0x0000000061800000)]
  0x0000000060aef800 JavaThread "pool-1-thread-2" [_thread_blocked, id=13204, stack(0x0000000061600000,0x0000000061700000)]
  0x000000006093c800 JavaThread "pool-1-thread-1" [_thread_blocked, id=4436, stack(0x0000000061500000,0x0000000061600000)]
  0x000000005cef5800 JavaThread "Low Memory Detector" daemon [_thread_blocked, id=7852, stack(0x0000000060610000,0x0000000060710000)]
  0x000000005cee8000 JavaThread "CompilerThread1" daemon [_thread_blocked, id=11076, stack(0x0000000060510000,0x0000000060610000)]
  0x000000005ced1800 JavaThread "CompilerThread0" daemon [_thread_blocked, id=8476, stack(0x0000000060410000,0x0000000060510000)]
  0x000000005cecd000 JavaThread "Attach Listener" daemon [_thread_blocked, id=13100, stack(0x0000000060310000,0x0000000060410000)]
  0x000000005cecc000 JavaThread "Signal Dispatcher" daemon [_thread_blocked, id=7688, stack(0x0000000060210000,0x0000000060310000)]
  0x000000005ce7a000 JavaThread "Finalizer" daemon [_thread_blocked, id=1804, stack(0x0000000060110000,0x0000000060210000)]
  0x000000005ce74000 JavaThread "Reference Handler" daemon [_thread_blocked, id=12120, stack(0x0000000060010000,0x0000000060110000)]
  0x000000000002e000 JavaThread "main" [_thread_blocked, id=6000, stack(0x00000000027c0000,0x00000000028c0000)]

Other Threads:
=>0x000000005ce6d000 VMThread [stack: 0x000000005ff10000,0x0000000060010000] [id=8108]
  0x000000005ceff000 WatcherThread [stack: 0x0000000060710000,0x0000000060810000] [id=12660]

VM state:at safepoint (normal execution)

VM Mutex/Monitor currently owned by a thread:  ([mutex/lock_event])
[0x000000000002be60] Threads_lock - owner thread: 0x000000005ce6d000
[0x000000000002c360] Heap_lock - owner thread: 0x0000000060b04800

Heap
 PSYoungGen      total 139244864K, used 0K [0x000000a9aff50000, 0x000000e263780000, 0x000000fe34bf0000)
  eden space 41812288K, 0% used [0x000000a9aff50000,0x000000a9aff50000,0x000000b3a7fa0000)
  from space 97432576K, 0% used [0x000000cb28a80000,0x000000cb28a80000,0x000000e263780000)
  to   space 98004928K, 0% used [0x000000b3a7fa0000,0x000000b3a7fa0000,0x000000cb05b90000)
 PSOldGen        total 326368128K, used 74734051K [0x00000000a65f0000, 0x0000004e764d0000, 0x000000a9aff50000)
  object space 326368128K, 22% used [0x00000000a65f0000,0x0000001277c68e20,0x0000004e764d0000)
 PSPermGen       total 24576K, used 24393K [0x000000007fff0000, 0x00000000817f0000, 0x00000000a65f0000)
  object space 24576K, 99% used [0x000000007fff0000,0x00000000817c2730,0x00000000817f0000)

Dynamic libraries:
0x0000000000400000 - 0x000000000042e000 	C:\Program Files\AnyLogic 7 University\jre\bin\javaw.exe
0x0000000077220000 - 0x00000000773cb000 	C:\Windows\SYSTEM32\ntdll.dll
0x0000000077100000 - 0x000000007721f000 	C:\Windows\system32\kernel32.dll
0x000007fefcf80000 - 0x000007fefcfea000 	C:\Windows\system32\KERNELBASE.dll
0x000007fefd7a0000 - 0x000007fefd87b000 	C:\Windows\system32\ADVAPI32.dll
0x000007fefe550000 - 0x000007fefe5ef000 	C:\Windows\system32\msvcrt.dll
0x000007fefdca0000 - 0x000007fefdcbf000 	C:\Windows\SYSTEM32\sechost.dll
0x000007fefdb70000 - 0x000007fefdc9d000 	C:\Windows\system32\RPCRT4.dll
0x0000000077000000 - 0x00000000770fa000 	C:\Windows\system32\USER32.dll
0x000007fefdae0000 - 0x000007fefdb47000 	C:\Windows\system32\GDI32.dll
0x000007fefdaa0000 - 0x000007fefdaae000 	C:\Windows\system32\LPK.dll
0x000007fefe6d0000 - 0x000007fefe79a000 	C:\Windows\system32\USP10.dll
0x000007fefdab0000 - 0x000007fefdade000 	C:\Windows\system32\IMM32.DLL
0x000007fefd690000 - 0x000007fefd799000 	C:\Windows\system32\MSCTF.dll
0x000000006d890000 - 0x000000006df94000 	C:\Program Files\AnyLogic 7 University\jre\bin\server\jvm.dll
0x000007fef88a0000 - 0x000007fef88db000 	C:\Windows\system32\WINMM.dll
0x000000006d800000 - 0x000000006d80e000 	C:\Program Files\AnyLogic 7 University\jre\bin\verify.dll
0x000000006d450000 - 0x000000006d477000 	C:\Program Files\AnyLogic 7 University\jre\bin\java.dll
0x000000006d3b0000 - 0x000000006d3ba000 	C:\Program Files\AnyLogic 7 University\jre\bin\hpi.dll
0x00000000773e0000 - 0x00000000773e7000 	C:\Windows\system32\PSAPI.DLL
0x000000006d850000 - 0x000000006d862000 	C:\Program Files\AnyLogic 7 University\jre\bin\zip.dll
0x000000006d0a0000 - 0x000000006d263000 	C:\Program Files\AnyLogic 7 University\jre\bin\awt.dll
0x000007fef7fa0000 - 0x000007fef8011000 	C:\Windows\system32\WINSPOOL.DRV
0x000007fefe2f0000 - 0x000007fefe4f3000 	C:\Windows\system32\ole32.dll
0x000007fefe7a0000 - 0x000007feff529000 	C:\Windows\system32\SHELL32.dll
0x000007fefda20000 - 0x000007fefda91000 	C:\Windows\system32\SHLWAPI.dll
0x000007fefb940000 - 0x000007fefbb34000 	C:\Windows\WinSxS\amd64_microsoft.windows.common-controls_6595b64144ccf1df_6.0.7601.18837_none_fa3b1e3d17594757\COMCTL32.dll
0x000007fefb010000 - 0x000007fefb028000 	C:\Windows\system32\DWMAPI.DLL
0x000007fefcdc0000 - 0x000007fefcdcf000 	C:\Windows\system32\CRYPTBASE.dll
0x000000006d340000 - 0x000000006d3a6000 	C:\Program Files\AnyLogic 7 University\jre\bin\fontmanager.dll
0x000000006d6a0000 - 0x000000006d6b7000 	C:\Program Files\AnyLogic 7 University\jre\bin\net.dll
0x000007fefe500000 - 0x000007fefe54d000 	C:\Windows\system32\WS2_32.dll
0x000007fefd880000 - 0x000007fefd888000 	C:\Windows\system32\NSI.dll
0x000007fefc700000 - 0x000007fefc755000 	C:\Windows\system32\mswsock.dll
0x000007fefc6f0000 - 0x000007fefc6f7000 	C:\Windows\System32\wship6.dll
0x000000006d6c0000 - 0x000000006d6cb000 	C:\Program Files\AnyLogic 7 University\jre\bin\nio.dll

VM Arguments:
jvm_args: -Xms1024m -XX:MaxPermSize=630040k -Xmx1038565m -DlanguageId_xjal=en0nnavx -Dfile.encoding=Cp1252 
java_command: com.xj.anylogic.ms.MS crc.HassmillerCRC 17760f4 seed 12334
Launcher Type: SUN_STANDARD

Environment Variables:
JAVA_HOME=C:\scox\app\jdk1.7.0
PATH=C:/Program Files/AnyLogic 7 University/jre/bin/server;C:/Program Files/AnyLogic 7 University/jre/bin;C:/Program Files/AnyLogic 7 University/jre/lib/amd64;c:\Progra~1\Java\jdk1.8.0_74;C:\Program Files\jdk1.8.0_74\bin;C:\Users\stevec\app\apache-maven-3.1.1\bin;C:\Windows\system32;C:\Windows;C:\Windows\System32\Wbem;C:\Windows\System32\WindowsPowerShell\v1.0\;C:\Program Files\Perforce;C:\scox\app\jdk1.7.0\bin;C:\scox\app\apache-maven-3.0.4\bin;C:\dev-NC\crcsim\model;
USERNAME=rmtownsl
OS=Windows_NT
PROCESSOR_IDENTIFIER=Intel64 Family 6 Model 46 Stepping 6, GenuineIntel



---------------  S Y S T E M  ---------------

OS: Windows NT 6.1 Build 7601 Service Pack 1

CPU:total 64 (8 cores per cpu, 2 threads per core) family 6 model 46 stepping 6, cmov, cx8, fxsr, mmx, sse, sse2, sse3, ssse3, sse4.1, sse4.2, popcnt, ht

Memory: 4k page, physical 1073731412k(19893152k free), swap 1073729552k(3049336k free)

vm_info: Java HotSpot(TM) 64-Bit Server VM (19.1-b02) for windows-amd64 JRE (1.6.0_24-b07), built on Feb  2 2011 16:25:45 by "java_re" with MS VC++ 8.0 (VS2005)

time: Sun Oct 09 23:40:50 2016
elapsed time: 21590 seconds

