#
# A fatal error has been detected by the Java Runtime Environment:
#
#  EXCEPTION_ACCESS_VIOLATION (0xc0000005) at pc=0x00000000029ef7fc, pid=63404, tid=121632
#
# JRE version: 6.0_24-b07
# Java VM: Java HotSpot(TM) 64-Bit Server VM (19.1-b02 mixed mode windows-amd64 )
# Problematic frame:
# v  ~BufferBlob::vtable chunks
#
# If you would like to submit a bug report, please visit:
#   http://java.sun.com/webapps/bugreport/crash.jsp
#

---------------  T H R E A D  ---------------

Current thread (0x0000000060920000):  JavaThread "pool-1-thread-2" [_thread_in_Java, id=121632, stack(0x00000000615f0000,0x00000000616f0000)]

siginfo: ExceptionCode=0xc0000005, reading address 0x0000000000238e53

Registers:
RAX=0x0000000000238bfb, RBX=0x000000006e722f81, RCX=0x000000fe347f0080, RDX=0x000000b20ea47450
RSP=0x00000000616ef5d8, RBP=0x000000de359e59b0, RSI=0x000000dcc3ede338, RDI=0x000000dce45f0388
R8=0x000000fe36a7fedb, R9=0x0000000000000001, R10=0x000000fe347f0080, R11=0x000000006f1acf2c
R12=0x00000000816addc8, R13=0x000000008165ad80, R14=0x000000b24bdb8bf0, R15=0x0000000060920000
RIP=0x00000000029ef7fc, EFLAGS=0x0000000000010203

Register to memory mapping:

RAX=0x0000000000238bfb
0x0000000000238bfb is pointing to unknown location

RBX=0x000000006e722f81
0x000000006e722f81 is pointing to unknown location

RCX=0x000000fe347f0080
0x000000fe347f0080 is an unallocated location in the heap

RDX=0x000000b20ea47450

[error occurred during error reporting (printing registers, top of stack, instructions near pc), id 0xe0000000]

Stack: [0x00000000615f0000,0x00000000616f0000],  sp=0x00000000616ef5d8,  free space=1021k
Native frames: (J=compiled Java code, j=interpreted, Vv=VM code, C=native code)
v  ~BufferBlob::vtable chunks


---------------  P R O C E S S  ---------------

Java Threads: ( => current thread )
  0x0000000060c20000 JavaThread "AWT-Windows" daemon [_thread_in_native, id=206664, stack(0x00000000656f0000,0x00000000657f0000)]
  0x0000000060c1e800 JavaThread "Java2D Disposer" daemon [_thread_blocked, id=118932, stack(0x00000000654f0000,0x00000000655f0000)]
  0x0000000060c1e000 JavaThread "pool-1-thread-64" [_thread_in_vm, id=48632, stack(0x00000000653f0000,0x00000000654f0000)]
  0x0000000060c1d000 JavaThread "pool-1-thread-63" [_thread_in_Java, id=170788, stack(0x00000000652f0000,0x00000000653f0000)]
  0x0000000060c1c800 JavaThread "pool-1-thread-62" [_thread_blocked, id=170276, stack(0x00000000651f0000,0x00000000652f0000)]
  0x0000000060c1b800 JavaThread "pool-1-thread-61" [_thread_in_Java, id=21072, stack(0x00000000650f0000,0x00000000651f0000)]
  0x0000000060c1b000 JavaThread "pool-1-thread-60" [_thread_blocked, id=170492, stack(0x0000000064ff0000,0x00000000650f0000)]
  0x0000000060c1a000 JavaThread "pool-1-thread-59" [_thread_blocked, id=206444, stack(0x0000000064ef0000,0x0000000064ff0000)]
  0x0000000060c19800 JavaThread "pool-1-thread-58" [_thread_in_Java, id=81332, stack(0x0000000064df0000,0x0000000064ef0000)]
  0x0000000060c18800 JavaThread "pool-1-thread-57" [_thread_in_Java, id=71828, stack(0x0000000064cf0000,0x0000000064df0000)]
  0x0000000060c18000 JavaThread "pool-1-thread-56" [_thread_blocked, id=102860, stack(0x0000000064bf0000,0x0000000064cf0000)]
  0x0000000060b90800 JavaThread "pool-1-thread-55" [_thread_blocked, id=208748, stack(0x0000000064af0000,0x0000000064bf0000)]
  0x0000000060b8f800 JavaThread "pool-1-thread-54" [_thread_blocked, id=148644, stack(0x00000000649f0000,0x0000000064af0000)]
  0x0000000060b8f000 JavaThread "pool-1-thread-53" [_thread_blocked, id=127224, stack(0x00000000648f0000,0x00000000649f0000)]
  0x0000000060b8e000 JavaThread "pool-1-thread-52" [_thread_blocked, id=179012, stack(0x00000000647f0000,0x00000000648f0000)]
  0x0000000060b8d800 JavaThread "pool-1-thread-51" [_thread_in_Java, id=151704, stack(0x00000000646f0000,0x00000000647f0000)]
  0x0000000060b8c800 JavaThread "pool-1-thread-50" [_thread_blocked, id=138792, stack(0x00000000645f0000,0x00000000646f0000)]
  0x0000000060b8c000 JavaThread "pool-1-thread-49" [_thread_blocked, id=4052, stack(0x00000000644f0000,0x00000000645f0000)]
  0x0000000060b8b800 JavaThread "pool-1-thread-48" [_thread_blocked, id=208092, stack(0x00000000643f0000,0x00000000644f0000)]
  0x0000000060b8a800 JavaThread "pool-1-thread-47" [_thread_blocked, id=88484, stack(0x00000000642f0000,0x00000000643f0000)]
  0x0000000060b8a000 JavaThread "pool-1-thread-46" [_thread_blocked, id=202132, stack(0x00000000641f0000,0x00000000642f0000)]
  0x0000000060b89000 JavaThread "pool-1-thread-45" [_thread_blocked, id=34480, stack(0x00000000640f0000,0x00000000641f0000)]
  0x0000000060b88800 JavaThread "pool-1-thread-44" [_thread_blocked, id=206756, stack(0x0000000063ff0000,0x00000000640f0000)]
  0x0000000060b87800 JavaThread "pool-1-thread-43" [_thread_blocked, id=205644, stack(0x0000000063ef0000,0x0000000063ff0000)]
  0x0000000060b87000 JavaThread "pool-1-thread-42" [_thread_blocked, id=109088, stack(0x0000000063df0000,0x0000000063ef0000)]
  0x0000000060b86000 JavaThread "pool-1-thread-41" [_thread_in_Java, id=46032, stack(0x0000000063cf0000,0x0000000063df0000)]
  0x0000000060b85800 JavaThread "pool-1-thread-40" [_thread_blocked, id=17064, stack(0x0000000063bf0000,0x0000000063cf0000)]
  0x0000000060b85000 JavaThread "pool-1-thread-39" [_thread_blocked, id=143120, stack(0x0000000063af0000,0x0000000063bf0000)]
  0x0000000060b84000 JavaThread "pool-1-thread-38" [_thread_blocked, id=165616, stack(0x00000000639f0000,0x0000000063af0000)]
  0x0000000060b83800 JavaThread "pool-1-thread-37" [_thread_blocked, id=118960, stack(0x00000000638f0000,0x00000000639f0000)]
  0x0000000060b82800 JavaThread "pool-1-thread-36" [_thread_blocked, id=134592, stack(0x00000000637f0000,0x00000000638f0000)]
  0x0000000060b82000 JavaThread "pool-1-thread-35" [_thread_blocked, id=200276, stack(0x00000000636f0000,0x00000000637f0000)]
  0x0000000060b81000 JavaThread "pool-1-thread-34" [_thread_blocked, id=68428, stack(0x00000000635f0000,0x00000000636f0000)]
  0x0000000060a1e000 JavaThread "pool-1-thread-33" [_thread_blocked, id=92000, stack(0x00000000634f0000,0x00000000635f0000)]
  0x0000000060a1d800 JavaThread "pool-1-thread-32" [_thread_blocked, id=52736, stack(0x00000000633f0000,0x00000000634f0000)]
  0x0000000060a1c800 JavaThread "pool-1-thread-31" [_thread_blocked, id=50780, stack(0x00000000632f0000,0x00000000633f0000)]
  0x0000000060a1c000 JavaThread "pool-1-thread-30" [_thread_blocked, id=26776, stack(0x00000000631f0000,0x00000000632f0000)]
  0x0000000060a1b000 JavaThread "pool-1-thread-29" [_thread_blocked, id=98948, stack(0x00000000630f0000,0x00000000631f0000)]
  0x0000000060a1a800 JavaThread "pool-1-thread-28" [_thread_in_Java, id=66064, stack(0x0000000062ff0000,0x00000000630f0000)]
  0x0000000060a19800 JavaThread "pool-1-thread-27" [_thread_blocked, id=108540, stack(0x0000000062ef0000,0x0000000062ff0000)]
  0x0000000060a19000 JavaThread "pool-1-thread-26" [_thread_blocked, id=156396, stack(0x0000000062df0000,0x0000000062ef0000)]
  0x0000000060a18800 JavaThread "pool-1-thread-25" [_thread_blocked, id=158704, stack(0x0000000062cf0000,0x0000000062df0000)]
  0x0000000060a17800 JavaThread "pool-1-thread-24" [_thread_blocked, id=135656, stack(0x0000000062bf0000,0x0000000062cf0000)]
  0x0000000060a17000 JavaThread "pool-1-thread-23" [_thread_blocked, id=199428, stack(0x0000000062af0000,0x0000000062bf0000)]
  0x0000000060a16000 JavaThread "pool-1-thread-22" [_thread_blocked, id=199040, stack(0x00000000629f0000,0x0000000062af0000)]
  0x0000000060a15800 JavaThread "pool-1-thread-21" [_thread_blocked, id=112028, stack(0x00000000628f0000,0x00000000629f0000)]
  0x0000000060a14800 JavaThread "pool-1-thread-20" [_thread_in_Java, id=190416, stack(0x00000000627f0000,0x00000000628f0000)]
  0x0000000060a14000 JavaThread "pool-1-thread-19" [_thread_in_Java, id=163052, stack(0x00000000626f0000,0x00000000627f0000)]
  0x0000000060a13000 JavaThread "pool-1-thread-18" [_thread_blocked, id=165432, stack(0x00000000625f0000,0x00000000626f0000)]
  0x0000000060a12800 JavaThread "pool-1-thread-17" [_thread_blocked, id=124336, stack(0x00000000624f0000,0x00000000625f0000)]
  0x0000000060a11800 JavaThread "pool-1-thread-16" [_thread_blocked, id=92276, stack(0x00000000623f0000,0x00000000624f0000)]
  0x0000000060a11000 JavaThread "pool-1-thread-15" [_thread_in_Java, id=210348, stack(0x00000000622f0000,0x00000000623f0000)]
  0x0000000060a10800 JavaThread "pool-1-thread-14" [_thread_blocked, id=134824, stack(0x00000000621f0000,0x00000000622f0000)]
  0x0000000060a0f800 JavaThread "pool-1-thread-13" [_thread_blocked, id=7080, stack(0x00000000620f0000,0x00000000621f0000)]
  0x0000000060a0f000 JavaThread "pool-1-thread-12" [_thread_in_Java, id=120304, stack(0x0000000061ff0000,0x00000000620f0000)]
  0x000000006099d800 JavaThread "pool-1-thread-11" [_thread_blocked, id=141116, stack(0x0000000061ef0000,0x0000000061ff0000)]
  0x0000000060a8c000 JavaThread "pool-1-thread-10" [_thread_blocked, id=61836, stack(0x0000000061df0000,0x0000000061ef0000)]
  0x0000000060a8b000 JavaThread "pool-1-thread-9" [_thread_in_Java, id=176628, stack(0x0000000061cf0000,0x0000000061df0000)]
  0x0000000060a8a800 JavaThread "pool-1-thread-8" [_thread_blocked, id=134408, stack(0x0000000061bf0000,0x0000000061cf0000)]
  0x00000000608f5800 JavaThread "pool-1-thread-7" [_thread_blocked, id=64692, stack(0x0000000061af0000,0x0000000061bf0000)]
  0x0000000060a5e800 JavaThread "pool-1-thread-6" [_thread_in_Java, id=179824, stack(0x00000000619f0000,0x0000000061af0000)]
  0x0000000060a21000 JavaThread "pool-1-thread-5" [_thread_in_Java, id=89576, stack(0x00000000618f0000,0x00000000619f0000)]
  0x0000000060937000 JavaThread "pool-1-thread-4" [_thread_blocked, id=109172, stack(0x00000000617f0000,0x00000000618f0000)]
  0x0000000060b91000 JavaThread "pool-1-thread-3" [_thread_blocked, id=41252, stack(0x00000000616f0000,0x00000000617f0000)]
=>0x0000000060920000 JavaThread "pool-1-thread-2" [_thread_in_Java, id=121632, stack(0x00000000615f0000,0x00000000616f0000)]
  0x0000000060921800 JavaThread "pool-1-thread-1" [_thread_blocked, id=192444, stack(0x00000000614f0000,0x00000000615f0000)]
  0x000000005ce86000 JavaThread "Low Memory Detector" daemon [_thread_blocked, id=132052, stack(0x00000000605a0000,0x00000000606a0000)]
  0x000000005ce77800 JavaThread "CompilerThread1" daemon [_thread_blocked, id=4880, stack(0x00000000604a0000,0x00000000605a0000)]
  0x000000005ce61800 JavaThread "CompilerThread0" daemon [_thread_blocked, id=85544, stack(0x00000000603a0000,0x00000000604a0000)]
  0x000000005ce5d000 JavaThread "Attach Listener" daemon [_thread_blocked, id=208968, stack(0x00000000602a0000,0x00000000603a0000)]
  0x000000005ce5c000 JavaThread "Signal Dispatcher" daemon [_thread_blocked, id=91552, stack(0x00000000601a0000,0x00000000602a0000)]
  0x000000005ce0a000 JavaThread "Finalizer" daemon [_thread_blocked, id=8340, stack(0x00000000600a0000,0x00000000601a0000)]
  0x000000005ce04000 JavaThread "Reference Handler" daemon [_thread_blocked, id=168980, stack(0x000000005ffa0000,0x00000000600a0000)]
  0x00000000006fe000 JavaThread "main" [_thread_blocked, id=52848, stack(0x00000000005c0000,0x00000000006c0000)]

Other Threads:
  0x000000005cdfd000 VMThread [stack: 0x000000005fea0000,0x000000005ffa0000] [id=93368]
  0x000000005ce8f800 WatcherThread [stack: 0x00000000606a0000,0x00000000607a0000] [id=190552]

VM state:not at safepoint (normal execution)

VM Mutex/Monitor currently owned by a thread: None

Heap
 PSYoungGen      total 210190912K, used 71379370K [0x000000a9aff50000, 0x000000f83e4f0000, 0x000000fe34bf0000)
  eden space 93156608K, 37% used [0x000000a9aff50000,0x000000b2105ae4d0,0x000000bfe5c90000)
  from space 117034304K, 30% used [0x000000dc571a0000,0x000000e4fb5ac728,0x000000f83e4f0000)
  to   space 118165696K, 0% used [0x000000bfe5c90000,0x000000bfe5c90000,0x000000dc120c0000)
 PSOldGen        total 398004736K, used 53650210K [0x00000000a65f0000, 0x0000005f8aa70000, 0x000000a9aff50000)
  object space 398004736K, 13% used [0x00000000a65f0000,0x0000000d70eb8950,0x0000005f8aa70000)
 PSPermGen       total 24704K, used 24629K [0x000000007fff0000, 0x0000000081810000, 0x00000000a65f0000)
  object space 24704K, 99% used [0x000000007fff0000,0x00000000817fd580,0x0000000081810000)

Dynamic libraries:
0x0000000000400000 - 0x000000000042e000 	C:\Program Files\AnyLogic 7 University\jre\bin\javaw.exe
0x0000000076e00000 - 0x0000000076fa9000 	C:\Windows\SYSTEM32\ntdll.dll
0x0000000076ce0000 - 0x0000000076dff000 	C:\Windows\system32\kernel32.dll
0x000007fefd480000 - 0x000007fefd4eb000 	C:\Windows\system32\KERNELBASE.dll
0x000007fefea00000 - 0x000007fefeadb000 	C:\Windows\system32\ADVAPI32.dll
0x000007fefd840000 - 0x000007fefd8df000 	C:\Windows\system32\msvcrt.dll
0x000007fefe7f0000 - 0x000007fefe80f000 	C:\Windows\SYSTEM32\sechost.dll
0x000007fefe810000 - 0x000007fefe93d000 	C:\Windows\system32\RPCRT4.dll
0x0000000076a80000 - 0x0000000076b7a000 	C:\Windows\system32\USER32.dll
0x000007fefeae0000 - 0x000007fefeb47000 	C:\Windows\system32\GDI32.dll
0x000007fefed30000 - 0x000007fefed3e000 	C:\Windows\system32\LPK.dll
0x000007fefedd0000 - 0x000007fefee99000 	C:\Windows\system32\USP10.dll
0x000007fefeda0000 - 0x000007fefedce000 	C:\Windows\system32\IMM32.DLL
0x000007feff000000 - 0x000007feff109000 	C:\Windows\system32\MSCTF.dll
0x000000006d890000 - 0x000000006df94000 	C:\Program Files\AnyLogic 7 University\jre\bin\server\jvm.dll
0x000007fef3c10000 - 0x000007fef3c4b000 	C:\Windows\system32\WINMM.dll
0x000000006d800000 - 0x000000006d80e000 	C:\Program Files\AnyLogic 7 University\jre\bin\verify.dll
0x000000006d450000 - 0x000000006d477000 	C:\Program Files\AnyLogic 7 University\jre\bin\java.dll
0x000000006d3b0000 - 0x000000006d3ba000 	C:\Program Files\AnyLogic 7 University\jre\bin\hpi.dll
0x0000000076fc0000 - 0x0000000076fc7000 	C:\Windows\system32\PSAPI.DLL
0x000000006d850000 - 0x000000006d862000 	C:\Program Files\AnyLogic 7 University\jre\bin\zip.dll
0x000000006d0a0000 - 0x000000006d263000 	C:\Program Files\AnyLogic 7 University\jre\bin\awt.dll
0x000007fef8c20000 - 0x000007fef8c91000 	C:\Windows\system32\WINSPOOL.DRV
0x000007fefd630000 - 0x000007fefd833000 	C:\Windows\system32\ole32.dll
0x000007fefd9e0000 - 0x000007fefe768000 	C:\Windows\system32\SHELL32.dll
0x000007fefef80000 - 0x000007fefeff1000 	C:\Windows\system32\SHLWAPI.dll
0x000007fefbce0000 - 0x000007fefbed4000 	C:\Windows\WinSxS\amd64_microsoft.windows.common-controls_6595b64144ccf1df_6.0.7601.17514_none_fa396087175ac9ac\COMCTL32.dll
0x000007fefb520000 - 0x000007fefb538000 	C:\Windows\system32\DWMAPI.DLL
0x000007fefd150000 - 0x000007fefd15f000 	C:\Windows\system32\CRYPTBASE.dll
0x000000006d340000 - 0x000000006d3a6000 	C:\Program Files\AnyLogic 7 University\jre\bin\fontmanager.dll
0x000000006d6a0000 - 0x000000006d6b7000 	C:\Program Files\AnyLogic 7 University\jre\bin\net.dll
0x000007fefd990000 - 0x000007fefd9dd000 	C:\Windows\system32\WS2_32.dll
0x000007fefd8e0000 - 0x000007fefd8e8000 	C:\Windows\system32\NSI.dll
0x000007fefca50000 - 0x000007fefcaa5000 	C:\Windows\system32\mswsock.dll
0x000007fefcba0000 - 0x000007fefcba7000 	C:\Windows\System32\wship6.dll
0x000000006d6c0000 - 0x000000006d6cb000 	C:\Program Files\AnyLogic 7 University\jre\bin\nio.dll

VM Arguments:
jvm_args: -Xms1024m -XX:MaxPermSize=630040k -Xmx1038565m -DlanguageId_xjal=en0x1t25 -Dfile.encoding=Cp1252 
java_command: com.xj.anylogic.ms.MS CRC.HassmillerCRC 174a1e5 seed 12334
Launcher Type: SUN_STANDARD

Environment Variables:
JAVA_HOME=c:\Progra~1\Java\jdk1.8.0_74
PATH=C:/Program Files/AnyLogic 7 University/jre/bin/server;C:/Program Files/AnyLogic 7 University/jre/bin;C:/Program Files/AnyLogic 7 University/jre/lib/amd64;c:\Progra~1\Java\jdk1.8.0_74;C:\Program Files\jdk1.8.0_74\bin;C:\Users\stevec\app\apache-maven-3.1.1\bin;C:\Windows\system32;C:\Windows;C:\Windows\System32\Wbem;C:\Windows\System32\WindowsPowerShell\v1.0\;C:\Program Files\Perforce;C:\Program Files\AnyLogic 7 University;
USERNAME=stevec
OS=Windows_NT
PROCESSOR_IDENTIFIER=Intel64 Family 6 Model 46 Stepping 6, GenuineIntel



---------------  S Y S T E M  ---------------

OS: Windows NT 6.1 Build 7601 Service Pack 1

CPU:total 64 (8 cores per cpu, 2 threads per core) family 6 model 46 stepping 6, cmov, cx8, fxsr, mmx, sse, sse2, sse3, ssse3, sse4.1, sse4.2, popcnt, ht

Memory: 4k page, physical 1073731412k(225254040k free), swap 1073729552k(93731732k free)

vm_info: Java HotSpot(TM) 64-Bit Server VM (19.1-b02) for windows-amd64 JRE (1.6.0_24-b07), built on Feb  2 2011 16:25:45 by "java_re" with MS VC++ 8.0 (VS2005)

time: Mon Jun 06 23:11:42 2016
elapsed time: 18874 seconds

