#
# A fatal error has been detected by the Java Runtime Environment:
#
#  EXCEPTION_ACCESS_VIOLATION (0xc0000005) at pc=0x000000006dccb0f5, pid=4520, tid=4384
#
# JRE version: 6.0_24-b07
# Java VM: Java HotSpot(TM) 64-Bit Server VM (19.1-b02 mixed mode windows-amd64 )
# Problematic frame:
# V  [jvm.dll+0x43b0f5]
#
# If you would like to submit a bug report, please visit:
#   http://java.sun.com/webapps/bugreport/crash.jsp
#

---------------  T H R E A D  ---------------

Current thread (0x000000005cecd000):  VMThread [stack: 0x000000005ff70000,0x0000000060070000] [id=4384]

siginfo: ExceptionCode=0xc0000005, reading address 0x0000000000000028

Registers:
RAX=0x0000000000000028, RBX=0x0000000003148500, RCX=0x000000000286dd40, RDX=0x0000000080094900
RSP=0x000000006006f720, RBP=0x0000000000000000, RSI=0x0000000000000000, RDI=0x0000000100000000
R8=0x000000008002f378, R9=0x0000000002960000, R10=0x000000006006f7a8, R11=0x000000000287e240
R12=0x0000000000000000, R13=0x000000008002f378, R14=0x000000000287e270, R15=0x0000000000000000
RIP=0x000000006dccb0f5, EFLAGS=0x0000000000010246

Register to memory mapping:

RAX=0x0000000000000028
0x0000000000000028 is pointing to unknown location

RBX=0x0000000003148500
0x0000000003148500 is pointing to unknown location

RCX=0x000000000286dd40
0x000000000286dd40 is pointing to unknown location

RDX=0x0000000080094900
java.lang.ref.Reference 
 - klass: 'java/lang/ref/Reference'

RSP=0x000000006006f720
0x000000006006f720 is pointing to unknown location

RBP=0x0000000000000000
0x0000000000000000 is pointing to unknown location

RSI=0x0000000000000000
0x0000000000000000 is pointing to unknown location

RDI=0x0000000100000000
[I 
 - klass: {type array int}
 - length: -1764081978

R8 =0x000000008002f378
{instance class} 
 - klass: {other class}

R9 =0x0000000002960000
0x0000000002960000 is pointing to unknown location

R10=0x000000006006f7a8
0x000000006006f7a8 is pointing to unknown location

R11=0x000000000287e240
0x000000000287e240 is pointing to unknown location

R12=0x0000000000000000
0x0000000000000000 is pointing to unknown location

R13=0x000000008002f378
{instance class} 
 - klass: {other class}

R14=0x000000000287e270
0x000000000287e270 is pointing to unknown location

R15=0x0000000000000000
0x0000000000000000 is pointing to unknown location


Top of Stack: (sp=0x000000006006f720)
0x000000006006f720:   00000000619eef90 000000006dc6691a
0x000000006006f730:   00000000619eefa0 000000000286de50
0x000000006006f740:   0000000000000012 000000000286e830
0x000000006006f750:   00000000003ef4e0 0000000000000000
0x000000006006f760:   00000000028885c0 0000000000000002
0x000000006006f770:   000000008002f378 000000006dccb92a
0x000000006006f780:   0000000002ef3494 0000000061010000
0x000000006006f790:   0000000000000000 0000000000000030
0x000000006006f7a0:   0000000000000000 000000006ddc3850
0x000000006006f7b0:   000000006006f750 0000000000000000
0x000000006006f7c0:   000000100fb82a38 0000000000000c00
0x000000006006f7d0:   000000000286dee0 000000006dccc657
0x000000006006f7e0:   0000000000000000 0000000a3296d418
0x000000006006f7f0:   00000000028885c0 000000008002f378
0x000000006006f800:   000000000286dd40 000000006dcbaafc
0x000000006006f810:   000000000286dd40 000000000286de50 

Instructions: (pc=0x000000006dccb0f5)
0x000000006dccb0e5:   e0 49 d3 e4 4c 03 e5 eb 0b 48 63 05 0f 48 24 00
0x000000006dccb0f5:   4c 8b 24 30 4c 3b e2 0f 85 91 03 00 00 49 8b ce 


Stack: [0x000000005ff70000,0x0000000060070000],  sp=0x000000006006f720,  free space=1021k
Native frames: (J=compiled Java code, j=interpreted, Vv=VM code, C=native code)
V  [jvm.dll+0x43b0f5]

[error occurred during error reporting (printing native stack), id 0xc0000005]

VM_Operation (0x0000000064ceed90): ParallelGCFailedAllocation, mode: safepoint, requested by thread 0x0000000060b92800


---------------  P R O C E S S  ---------------

Java Threads: ( => current thread )
  0x0000000060b9b000 JavaThread "AWT-Windows" daemon [_thread_in_native, id=4784, stack(0x00000000657f0000,0x00000000658f0000)]
  0x0000000060b99800 JavaThread "Java2D Disposer" daemon [_thread_blocked, id=472, stack(0x00000000655f0000,0x00000000656f0000)]
  0x0000000060b99000 JavaThread "pool-1-thread-64" [_thread_blocked, id=6148, stack(0x00000000654f0000,0x00000000655f0000)]
  0x0000000060b98800 JavaThread "pool-1-thread-63" [_thread_blocked, id=9436, stack(0x00000000653f0000,0x00000000654f0000)]
  0x0000000060b97800 JavaThread "pool-1-thread-62" [_thread_blocked, id=5544, stack(0x00000000652f0000,0x00000000653f0000)]
  0x0000000060b97000 JavaThread "pool-1-thread-61" [_thread_blocked, id=10176, stack(0x00000000651f0000,0x00000000652f0000)]
  0x0000000060b96000 JavaThread "pool-1-thread-60" [_thread_blocked, id=7828, stack(0x00000000650f0000,0x00000000651f0000)]
  0x0000000060b95800 JavaThread "pool-1-thread-59" [_thread_blocked, id=1292, stack(0x0000000064ff0000,0x00000000650f0000)]
  0x0000000060b94800 JavaThread "pool-1-thread-58" [_thread_blocked, id=8908, stack(0x0000000064ef0000,0x0000000064ff0000)]
  0x0000000060b94000 JavaThread "pool-1-thread-57" [_thread_blocked, id=9376, stack(0x0000000064df0000,0x0000000064ef0000)]
  0x0000000060b93000 JavaThread "pool-1-thread-56" [_thread_blocked, id=4248, stack(0x0000000064cf0000,0x0000000064df0000)]
  0x0000000060b92800 JavaThread "pool-1-thread-55" [_thread_blocked, id=5328, stack(0x0000000064bf0000,0x0000000064cf0000)]
  0x0000000060a7f800 JavaThread "pool-1-thread-54" [_thread_blocked, id=4476, stack(0x0000000064af0000,0x0000000064bf0000)]
  0x0000000060a7e800 JavaThread "pool-1-thread-53" [_thread_blocked, id=4600, stack(0x00000000649f0000,0x0000000064af0000)]
  0x0000000060a7e000 JavaThread "pool-1-thread-52" [_thread_blocked, id=9568, stack(0x00000000648f0000,0x00000000649f0000)]
  0x0000000060a7d800 JavaThread "pool-1-thread-51" [_thread_blocked, id=4444, stack(0x00000000647f0000,0x00000000648f0000)]
  0x0000000060a7c800 JavaThread "pool-1-thread-50" [_thread_blocked, id=7040, stack(0x00000000646f0000,0x00000000647f0000)]
  0x0000000060a7c000 JavaThread "pool-1-thread-49" [_thread_blocked, id=10064, stack(0x00000000645f0000,0x00000000646f0000)]
  0x0000000060a7b000 JavaThread "pool-1-thread-48" [_thread_blocked, id=4856, stack(0x00000000644f0000,0x00000000645f0000)]
  0x0000000060a7a800 JavaThread "pool-1-thread-47" [_thread_blocked, id=6116, stack(0x00000000643f0000,0x00000000644f0000)]
  0x0000000060a79800 JavaThread "pool-1-thread-46" [_thread_blocked, id=5324, stack(0x00000000642f0000,0x00000000643f0000)]
  0x0000000060a79000 JavaThread "pool-1-thread-45" [_thread_blocked, id=4756, stack(0x00000000641f0000,0x00000000642f0000)]
  0x0000000060a78000 JavaThread "pool-1-thread-44" [_thread_blocked, id=2304, stack(0x00000000640f0000,0x00000000641f0000)]
  0x0000000060a77800 JavaThread "pool-1-thread-43" [_thread_blocked, id=9136, stack(0x0000000063ff0000,0x00000000640f0000)]
  0x0000000060a76800 JavaThread "pool-1-thread-42" [_thread_blocked, id=6268, stack(0x0000000063ef0000,0x0000000063ff0000)]
  0x0000000060a76000 JavaThread "pool-1-thread-41" [_thread_blocked, id=6196, stack(0x0000000063df0000,0x0000000063ef0000)]
  0x0000000060a75800 JavaThread "pool-1-thread-40" [_thread_blocked, id=4284, stack(0x0000000063cf0000,0x0000000063df0000)]
  0x0000000060a74800 JavaThread "pool-1-thread-39" [_thread_blocked, id=8244, stack(0x0000000063bf0000,0x0000000063cf0000)]
  0x0000000060a74000 JavaThread "pool-1-thread-38" [_thread_blocked, id=8428, stack(0x0000000063af0000,0x0000000063bf0000)]
  0x0000000060a73000 JavaThread "pool-1-thread-37" [_thread_blocked, id=7676, stack(0x00000000639f0000,0x0000000063af0000)]
  0x0000000060a72800 JavaThread "pool-1-thread-36" [_thread_blocked, id=8224, stack(0x00000000638f0000,0x00000000639f0000)]
  0x0000000060a71800 JavaThread "pool-1-thread-35" [_thread_blocked, id=2052, stack(0x00000000637f0000,0x00000000638f0000)]
  0x0000000060a71000 JavaThread "pool-1-thread-34" [_thread_blocked, id=5024, stack(0x00000000636f0000,0x00000000637f0000)]
  0x0000000060a70000 JavaThread "pool-1-thread-33" [_thread_blocked, id=6216, stack(0x00000000635f0000,0x00000000636f0000)]
  0x0000000060cef800 JavaThread "pool-1-thread-32" [_thread_blocked, id=9980, stack(0x00000000634f0000,0x00000000635f0000)]
  0x0000000060cee800 JavaThread "pool-1-thread-31" [_thread_blocked, id=6276, stack(0x00000000633f0000,0x00000000634f0000)]
  0x0000000060cee000 JavaThread "pool-1-thread-30" [_thread_blocked, id=4008, stack(0x00000000632f0000,0x00000000633f0000)]
  0x0000000060ced800 JavaThread "pool-1-thread-29" [_thread_blocked, id=808, stack(0x00000000631f0000,0x00000000632f0000)]
  0x0000000060cec800 JavaThread "pool-1-thread-28" [_thread_blocked, id=8392, stack(0x00000000630f0000,0x00000000631f0000)]
  0x0000000060cec000 JavaThread "pool-1-thread-27" [_thread_blocked, id=9984, stack(0x0000000062ff0000,0x00000000630f0000)]
  0x0000000060ceb000 JavaThread "pool-1-thread-26" [_thread_blocked, id=1792, stack(0x0000000062ef0000,0x0000000062ff0000)]
  0x0000000060cea800 JavaThread "pool-1-thread-25" [_thread_blocked, id=9300, stack(0x0000000062df0000,0x0000000062ef0000)]
  0x0000000060ce9800 JavaThread "pool-1-thread-24" [_thread_blocked, id=7432, stack(0x0000000062cf0000,0x0000000062df0000)]
  0x0000000060ce9000 JavaThread "pool-1-thread-23" [_thread_blocked, id=1208, stack(0x0000000062bf0000,0x0000000062cf0000)]
  0x0000000060ce8000 JavaThread "pool-1-thread-22" [_thread_blocked, id=8848, stack(0x0000000062af0000,0x0000000062bf0000)]
  0x0000000060ce7800 JavaThread "pool-1-thread-21" [_thread_blocked, id=7604, stack(0x00000000629f0000,0x0000000062af0000)]
  0x0000000060ce7000 JavaThread "pool-1-thread-20" [_thread_blocked, id=7348, stack(0x00000000628f0000,0x00000000629f0000)]
  0x0000000060ce6000 JavaThread "pool-1-thread-19" [_thread_blocked, id=8396, stack(0x00000000627f0000,0x00000000628f0000)]
  0x0000000060ce5800 JavaThread "pool-1-thread-18" [_thread_blocked, id=8808, stack(0x00000000626f0000,0x00000000627f0000)]
  0x0000000060ce4800 JavaThread "pool-1-thread-17" [_thread_blocked, id=4192, stack(0x00000000625f0000,0x00000000626f0000)]
  0x0000000060ce4000 JavaThread "pool-1-thread-16" [_thread_blocked, id=4720, stack(0x00000000624f0000,0x00000000625f0000)]
  0x0000000060ce3000 JavaThread "pool-1-thread-15" [_thread_blocked, id=456, stack(0x00000000623f0000,0x00000000624f0000)]
  0x0000000060ce2800 JavaThread "pool-1-thread-14" [_thread_blocked, id=3892, stack(0x00000000622f0000,0x00000000623f0000)]
  0x0000000060ce1800 JavaThread "pool-1-thread-13" [_thread_blocked, id=7756, stack(0x00000000621f0000,0x00000000622f0000)]
  0x0000000060ce1000 JavaThread "pool-1-thread-12" [_thread_blocked, id=836, stack(0x00000000620f0000,0x00000000621f0000)]
  0x0000000060ce0800 JavaThread "pool-1-thread-11" [_thread_blocked, id=3388, stack(0x0000000061ff0000,0x00000000620f0000)]
  0x0000000060a87000 JavaThread "pool-1-thread-10" [_thread_blocked, id=9192, stack(0x0000000061ef0000,0x0000000061ff0000)]
  0x0000000060d34000 JavaThread "pool-1-thread-9" [_thread_blocked, id=8984, stack(0x0000000061df0000,0x0000000061ef0000)]
  0x0000000060a00800 JavaThread "pool-1-thread-8" [_thread_blocked, id=496, stack(0x0000000061cf0000,0x0000000061df0000)]
  0x00000000609b9000 JavaThread "pool-1-thread-7" [_thread_blocked, id=5996, stack(0x0000000061bf0000,0x0000000061cf0000)]
  0x0000000060932000 JavaThread "pool-1-thread-6" [_thread_blocked, id=9924, stack(0x0000000061af0000,0x0000000061bf0000)]
  0x0000000060a4f800 JavaThread "pool-1-thread-5" [_thread_blocked, id=6852, stack(0x00000000619f0000,0x0000000061af0000)]
  0x0000000060aad800 JavaThread "pool-1-thread-4" [_thread_blocked, id=10084, stack(0x00000000618f0000,0x00000000619f0000)]
  0x0000000060b39000 JavaThread "pool-1-thread-3" [_thread_blocked, id=8688, stack(0x00000000617f0000,0x00000000618f0000)]
  0x0000000060b38000 JavaThread "pool-1-thread-2" [_thread_blocked, id=9604, stack(0x00000000616f0000,0x00000000617f0000)]
  0x000000006093f800 JavaThread "pool-1-thread-1" [_thread_blocked, id=3356, stack(0x00000000615f0000,0x00000000616f0000)]
  0x000000005cf44800 JavaThread "Low Memory Detector" daemon [_thread_blocked, id=3292, stack(0x0000000060670000,0x0000000060770000)]
  0x000000005cf39000 JavaThread "CompilerThread1" daemon [_thread_blocked, id=7212, stack(0x0000000060570000,0x0000000060670000)]
  0x000000005cf31800 JavaThread "CompilerThread0" daemon [_thread_blocked, id=520, stack(0x0000000060470000,0x0000000060570000)]
  0x000000005cf2d000 JavaThread "Attach Listener" daemon [_thread_blocked, id=6324, stack(0x0000000060370000,0x0000000060470000)]
  0x000000005cf2c000 JavaThread "Signal Dispatcher" daemon [_thread_blocked, id=3236, stack(0x0000000060270000,0x0000000060370000)]
  0x000000005ceda000 JavaThread "Finalizer" daemon [_thread_blocked, id=8532, stack(0x0000000060170000,0x0000000060270000)]
  0x000000005ced4000 JavaThread "Reference Handler" daemon [_thread_blocked, id=8204, stack(0x0000000060070000,0x0000000060170000)]
  0x00000000003ee000 JavaThread "main" [_thread_blocked, id=8804, stack(0x0000000001e70000,0x0000000001f70000)]

Other Threads:
=>0x000000005cecd000 VMThread [stack: 0x000000005ff70000,0x0000000060070000] [id=4384]
  0x000000005cf4e000 WatcherThread [stack: 0x0000000060770000,0x0000000060870000] [id=5284]

VM state:at safepoint (normal execution)

VM Mutex/Monitor currently owned by a thread:  ([mutex/lock_event])
[0x00000000003ebe60] Threads_lock - owner thread: 0x000000005cecd000
[0x00000000003ec360] Heap_lock - owner thread: 0x0000000060b92800

Heap
 PSYoungGen      total 62978752K, used 0K [0x000000a9aff50000, 0x000000dafb7b0000, 0x000000fe34bf0000)
  eden space 34328960K, 0% used [0x000000a9aff50000,0x000000a9aff50000,0x000000b1df3b0000)
  from space 28649792K, 0% used [0x000000b1df3b0000,0x000000b1df3b0000,0x000000b8b3e00000)
  to   space 84511936K, 0% used [0x000000c6d5480000,0x000000c6d5480000,0x000000dafb7b0000)
 PSOldGen        total 272605824K, used 67366410K [0x00000000a65f0000, 0x00000041a4e90000, 0x000000a9aff50000)
  object space 272605824K, 24% used [0x00000000a65f0000,0x00000010b6172a38,0x00000041a4e90000)
 PSPermGen       total 24576K, used 24238K [0x000000007fff0000, 0x00000000817f0000, 0x00000000a65f0000)
  object space 24576K, 98% used [0x000000007fff0000,0x000000008179bb40,0x00000000817f0000)

Dynamic libraries:
0x0000000000400000 - 0x000000000042e000 	C:\Program Files\AnyLogic 7 University\jre\bin\javaw.exe
0x0000000077220000 - 0x00000000773cb000 	C:\Windows\SYSTEM32\ntdll.dll
0x0000000077100000 - 0x000000007721f000 	C:\Windows\system32\kernel32.dll
0x000007fefcf80000 - 0x000007fefcfea000 	C:\Windows\system32\KERNELBASE.dll
0x000007fefd7a0000 - 0x000007fefd87b000 	C:\Windows\system32\ADVAPI32.dll
0x000007fefe550000 - 0x000007fefe5ef000 	C:\Windows\system32\msvcrt.dll
0x000007fefdca0000 - 0x000007fefdcbf000 	C:\Windows\SYSTEM32\sechost.dll
0x000007fefdb70000 - 0x000007fefdc9d000 	C:\Windows\system32\RPCRT4.dll
0x0000000077000000 - 0x00000000770fa000 	C:\Windows\system32\USER32.dll
0x000007fefdae0000 - 0x000007fefdb47000 	C:\Windows\system32\GDI32.dll
0x000007fefdaa0000 - 0x000007fefdaae000 	C:\Windows\system32\LPK.dll
0x000007fefe6d0000 - 0x000007fefe79a000 	C:\Windows\system32\USP10.dll
0x000007fefdab0000 - 0x000007fefdade000 	C:\Windows\system32\IMM32.DLL
0x000007fefd690000 - 0x000007fefd799000 	C:\Windows\system32\MSCTF.dll
0x000000006d890000 - 0x000000006df94000 	C:\Program Files\AnyLogic 7 University\jre\bin\server\jvm.dll
0x000007fef88a0000 - 0x000007fef88db000 	C:\Windows\system32\WINMM.dll
0x000000006d800000 - 0x000000006d80e000 	C:\Program Files\AnyLogic 7 University\jre\bin\verify.dll
0x000000006d450000 - 0x000000006d477000 	C:\Program Files\AnyLogic 7 University\jre\bin\java.dll
0x000000006d3b0000 - 0x000000006d3ba000 	C:\Program Files\AnyLogic 7 University\jre\bin\hpi.dll
0x00000000773e0000 - 0x00000000773e7000 	C:\Windows\system32\PSAPI.DLL
0x000000006d850000 - 0x000000006d862000 	C:\Program Files\AnyLogic 7 University\jre\bin\zip.dll
0x000000006d0a0000 - 0x000000006d263000 	C:\Program Files\AnyLogic 7 University\jre\bin\awt.dll
0x000007fef7fa0000 - 0x000007fef8011000 	C:\Windows\system32\WINSPOOL.DRV
0x000007fefe2f0000 - 0x000007fefe4f3000 	C:\Windows\system32\ole32.dll
0x000007fefe7a0000 - 0x000007feff529000 	C:\Windows\system32\SHELL32.dll
0x000007fefda20000 - 0x000007fefda91000 	C:\Windows\system32\SHLWAPI.dll
0x000007fefb940000 - 0x000007fefbb34000 	C:\Windows\WinSxS\amd64_microsoft.windows.common-controls_6595b64144ccf1df_6.0.7601.18837_none_fa3b1e3d17594757\COMCTL32.dll
0x000007fefb010000 - 0x000007fefb028000 	C:\Windows\system32\DWMAPI.DLL
0x000007fefcdc0000 - 0x000007fefcdcf000 	C:\Windows\system32\CRYPTBASE.dll
0x000000006d340000 - 0x000000006d3a6000 	C:\Program Files\AnyLogic 7 University\jre\bin\fontmanager.dll
0x000000006d6a0000 - 0x000000006d6b7000 	C:\Program Files\AnyLogic 7 University\jre\bin\net.dll
0x000007fefe500000 - 0x000007fefe54d000 	C:\Windows\system32\WS2_32.dll
0x000007fefd880000 - 0x000007fefd888000 	C:\Windows\system32\NSI.dll
0x000007fefc700000 - 0x000007fefc755000 	C:\Windows\system32\mswsock.dll
0x000007fefc6f0000 - 0x000007fefc6f7000 	C:\Windows\System32\wship6.dll
0x000000006d6c0000 - 0x000000006d6cb000 	C:\Program Files\AnyLogic 7 University\jre\bin\nio.dll

VM Arguments:
jvm_args: -Xms1024m -XX:MaxPermSize=630040k -Xmx1038565m -DlanguageId_xjal=en0w7gil -Dfile.encoding=Cp1252 
java_command: com.xj.anylogic.ms.MS crc.HassmillerCRC 175ed39 seed 12334
Launcher Type: SUN_STANDARD

Environment Variables:
JAVA_HOME=C:\scox\app\jdk1.7.0
PATH=C:/Program Files/AnyLogic 7 University/jre/bin/server;C:/Program Files/AnyLogic 7 University/jre/bin;C:/Program Files/AnyLogic 7 University/jre/lib/amd64;c:\Progra~1\Java\jdk1.8.0_74;C:\Program Files\jdk1.8.0_74\bin;C:\Users\stevec\app\apache-maven-3.1.1\bin;C:\Windows\system32;C:\Windows;C:\Windows\System32\Wbem;C:\Windows\System32\WindowsPowerShell\v1.0\;C:\Program Files\Perforce;C:\scox\app\jdk1.7.0\bin;C:\scox\app\apache-maven-3.0.4\bin;C:\dev-NC\crcsim\model;
USERNAME=rmtownsl
OS=Windows_NT
PROCESSOR_IDENTIFIER=Intel64 Family 6 Model 46 Stepping 6, GenuineIntel



---------------  S Y S T E M  ---------------

OS: Windows NT 6.1 Build 7601 Service Pack 1

CPU:total 64 (8 cores per cpu, 2 threads per core) family 6 model 46 stepping 6, cmov, cx8, fxsr, mmx, sse, sse2, sse3, ssse3, sse4.1, sse4.2, popcnt, ht

Memory: 4k page, physical 1073731412k(453867748k free), swap 1073729552k(428092012k free)

vm_info: Java HotSpot(TM) 64-Bit Server VM (19.1-b02) for windows-amd64 JRE (1.6.0_24-b07), built on Feb  2 2011 16:25:45 by "java_re" with MS VC++ 8.0 (VS2005)

time: Thu Aug 04 19:52:17 2016
elapsed time: 15301 seconds

