#
# A fatal error has been detected by the Java Runtime Environment:
#
#  EXCEPTION_ACCESS_VIOLATION (0xc0000005) at pc=0x000000006dccb0f5, pid=161108, tid=56996
#
# JRE version: 6.0_24-b07
# Java VM: Java HotSpot(TM) 64-Bit Server VM (19.1-b02 mixed mode windows-amd64 )
# Problematic frame:
# V  [jvm.dll+0x43b0f5]
#
# If you would like to submit a bug report, please visit:
#   http://java.sun.com/webapps/bugreport/crash.jsp
#

---------------  T H R E A D  ---------------

Current thread (0x000000005ce8d000):  VMThread [stack: 0x000000005ff30000,0x0000000060030000] [id=56996]

siginfo: ExceptionCode=0xc0000005, reading address 0x0000000000000028

Registers:
RAX=0x0000000000000028, RBX=0x0000000001c5ad00, RCX=0x000000000282dd20, RDX=0x0000000080094900
RSP=0x000000006002f520, RBP=0x0000000000000000, RSI=0x0000000000000000, RDI=0x0000000100000000
R8=0x000000008002f378, R9=0x0000000002920000, R10=0x000000006002f5a8, R11=0x00000000028478c0
R12=0x0000000000000000, R13=0x000000008002f378, R14=0x00000000028478f0, R15=0x0000000000000000
RIP=0x000000006dccb0f5, EFLAGS=0x0000000000010246

Register to memory mapping:

RAX=0x0000000000000028
0x0000000000000028 is pointing to unknown location

RBX=0x0000000001c5ad00
0x0000000001c5ad00 is pointing to unknown location

RCX=0x000000000282dd20
0x000000000282dd20 is pointing to unknown location

RDX=0x0000000080094900
java.lang.ref.Reference 
 - klass: 'java/lang/ref/Reference'

RSP=0x000000006002f520
0x000000006002f520 is pointing to unknown location

RBP=0x0000000000000000
0x0000000000000000 is pointing to unknown location

RSI=0x0000000000000000
0x0000000000000000 is pointing to unknown location

RDI=0x0000000100000000
[I 
 - klass: {type array int}
 - length: -1945543448

R8 =0x000000008002f378
{instance class} 
 - klass: {other class}

R9 =0x0000000002920000
0x0000000002920000 is pointing to unknown location

R10=0x000000006002f5a8
0x000000006002f5a8 is pointing to unknown location

R11=0x00000000028478c0
0x00000000028478c0 is pointing to unknown location

R12=0x0000000000000000
0x0000000000000000 is pointing to unknown location

R13=0x000000008002f378
{instance class} 
 - klass: {other class}

R14=0x00000000028478f0
0x00000000028478f0 is pointing to unknown location

R15=0x0000000000000000
0x0000000000000000 is pointing to unknown location


Top of Stack: (sp=0x000000006002f520)
0x000000006002f520:   000000006181f1a0 000000006dc6691a
0x000000006002f530:   000000006181f1b0 000000000282de30
0x000000006002f540:   0000000000000012 000000000282e800
0x000000006002f550:   000000000079f450 0000000000000000
0x000000006002f560:   000000000283b110 0000000000000002
0x000000006002f570:   000000008002f378 000000006dccb92a
0x000000006002f580:   0000000002e6424a 0000000061000000
0x000000006002f590:   0000000000000000 0000000000000030
0x000000006002f5a0:   0000000000000000 000000006ddc3850
0x000000006002f5b0:   000000006002f550 0000000000000000
0x000000006002f5c0:   000000010000000e 0000000000000c00
0x000000006002f5d0:   000000000282dec0 000000006dccc657
0x000000006002f5e0:   0000000000000000 00000003dd2a7c50
0x000000006002f5f0:   000000000283b110 000000008002f378
0x000000006002f600:   000000000282dd20 000000006dcbaafc
0x000000006002f610:   000000000282dd20 000000000282de30 

Instructions: (pc=0x000000006dccb0f5)
0x000000006dccb0e5:   e0 49 d3 e4 4c 03 e5 eb 0b 48 63 05 0f 48 24 00
0x000000006dccb0f5:   4c 8b 24 30 4c 3b e2 0f 85 91 03 00 00 49 8b ce 


Stack: [0x000000005ff30000,0x0000000060030000],  sp=0x000000006002f520,  free space=1021k
Native frames: (J=compiled Java code, j=interpreted, Vv=VM code, C=native code)
V  [jvm.dll+0x43b0f5]

[error occurred during error reporting (printing native stack), id 0xc0000005]

VM_Operation (0x000000006351eb40): ParallelGCFailedAllocation, mode: safepoint, requested by thread 0x00000000609ce800


---------------  P R O C E S S  ---------------

Java Threads: ( => current thread )
  0x0000000060d00000 JavaThread "AWT-Windows" daemon [_thread_in_native, id=45220, stack(0x0000000065720000,0x0000000065820000)]
  0x0000000060cfe800 JavaThread "Java2D Disposer" daemon [_thread_blocked, id=174800, stack(0x0000000065520000,0x0000000065620000)]
  0x0000000060cfe000 JavaThread "pool-1-thread-64" [_thread_blocked, id=51344, stack(0x0000000065420000,0x0000000065520000)]
  0x0000000060cfd000 JavaThread "pool-1-thread-63" [_thread_blocked, id=90916, stack(0x0000000065320000,0x0000000065420000)]
  0x0000000060cfc800 JavaThread "pool-1-thread-62" [_thread_blocked, id=34872, stack(0x0000000065220000,0x0000000065320000)]
  0x0000000060cfb800 JavaThread "pool-1-thread-61" [_thread_blocked, id=119800, stack(0x0000000065120000,0x0000000065220000)]
  0x0000000060cfb000 JavaThread "pool-1-thread-60" [_thread_blocked, id=110648, stack(0x0000000065020000,0x0000000065120000)]
  0x0000000060cfa800 JavaThread "pool-1-thread-59" [_thread_blocked, id=166128, stack(0x0000000064f20000,0x0000000065020000)]
  0x0000000060cf9800 JavaThread "pool-1-thread-58" [_thread_blocked, id=108476, stack(0x0000000064e20000,0x0000000064f20000)]
  0x0000000060cf9000 JavaThread "pool-1-thread-57" [_thread_blocked, id=6896, stack(0x0000000064d20000,0x0000000064e20000)]
  0x0000000060cf8000 JavaThread "pool-1-thread-56" [_thread_blocked, id=200932, stack(0x0000000064c20000,0x0000000064d20000)]
  0x0000000060cf7800 JavaThread "pool-1-thread-55" [_thread_blocked, id=43984, stack(0x0000000064b20000,0x0000000064c20000)]
  0x0000000060cf6800 JavaThread "pool-1-thread-54" [_thread_blocked, id=19820, stack(0x0000000064a20000,0x0000000064b20000)]
  0x0000000060cf6000 JavaThread "pool-1-thread-53" [_thread_blocked, id=71784, stack(0x0000000064920000,0x0000000064a20000)]
  0x0000000060cf5000 JavaThread "pool-1-thread-52" [_thread_blocked, id=34268, stack(0x0000000064820000,0x0000000064920000)]
  0x0000000060cf4800 JavaThread "pool-1-thread-51" [_thread_blocked, id=193244, stack(0x0000000064720000,0x0000000064820000)]
  0x0000000060cf4000 JavaThread "pool-1-thread-50" [_thread_blocked, id=118244, stack(0x0000000064620000,0x0000000064720000)]
  0x0000000060cf3000 JavaThread "pool-1-thread-49" [_thread_blocked, id=72952, stack(0x0000000064520000,0x0000000064620000)]
  0x00000000609da000 JavaThread "pool-1-thread-48" [_thread_blocked, id=22608, stack(0x0000000064420000,0x0000000064520000)]
  0x00000000609d9800 JavaThread "pool-1-thread-47" [_thread_blocked, id=129900, stack(0x0000000064320000,0x0000000064420000)]
  0x00000000609d8800 JavaThread "pool-1-thread-46" [_thread_blocked, id=153256, stack(0x0000000064220000,0x0000000064320000)]
  0x00000000609d8000 JavaThread "pool-1-thread-45" [_thread_blocked, id=94072, stack(0x0000000064120000,0x0000000064220000)]
  0x00000000609d7000 JavaThread "pool-1-thread-44" [_thread_blocked, id=192856, stack(0x0000000064020000,0x0000000064120000)]
  0x00000000609d6800 JavaThread "pool-1-thread-43" [_thread_blocked, id=9192, stack(0x0000000063f20000,0x0000000064020000)]
  0x00000000609d5800 JavaThread "pool-1-thread-42" [_thread_blocked, id=98532, stack(0x0000000063e20000,0x0000000063f20000)]
  0x00000000609d5000 JavaThread "pool-1-thread-41" [_thread_blocked, id=77096, stack(0x0000000063d20000,0x0000000063e20000)]
  0x00000000609d4800 JavaThread "pool-1-thread-40" [_thread_blocked, id=15140, stack(0x0000000063c20000,0x0000000063d20000)]
  0x00000000609d3800 JavaThread "pool-1-thread-39" [_thread_blocked, id=35504, stack(0x0000000063b20000,0x0000000063c20000)]
  0x00000000609d3000 JavaThread "pool-1-thread-38" [_thread_blocked, id=123960, stack(0x0000000063a20000,0x0000000063b20000)]
  0x00000000609d2000 JavaThread "pool-1-thread-37" [_thread_blocked, id=94628, stack(0x0000000063920000,0x0000000063a20000)]
  0x00000000609d1800 JavaThread "pool-1-thread-36" [_thread_blocked, id=20172, stack(0x0000000063820000,0x0000000063920000)]
  0x00000000609d0800 JavaThread "pool-1-thread-35" [_thread_blocked, id=73968, stack(0x0000000063720000,0x0000000063820000)]
  0x00000000609d0000 JavaThread "pool-1-thread-34" [_thread_blocked, id=203872, stack(0x0000000063620000,0x0000000063720000)]
  0x00000000609cf000 JavaThread "pool-1-thread-33" [_thread_blocked, id=62052, stack(0x0000000063520000,0x0000000063620000)]
  0x00000000609ce800 JavaThread "pool-1-thread-32" [_thread_blocked, id=204300, stack(0x0000000063420000,0x0000000063520000)]
  0x00000000609ce000 JavaThread "pool-1-thread-31" [_thread_blocked, id=44252, stack(0x0000000063320000,0x0000000063420000)]
  0x00000000609cd000 JavaThread "pool-1-thread-30" [_thread_blocked, id=180856, stack(0x0000000063220000,0x0000000063320000)]
  0x00000000609cc800 JavaThread "pool-1-thread-29" [_thread_blocked, id=147260, stack(0x0000000063120000,0x0000000063220000)]
  0x00000000609cb800 JavaThread "pool-1-thread-28" [_thread_blocked, id=148976, stack(0x0000000063020000,0x0000000063120000)]
  0x00000000609cb000 JavaThread "pool-1-thread-27" [_thread_blocked, id=96960, stack(0x0000000062f20000,0x0000000063020000)]
  0x0000000060cf2000 JavaThread "pool-1-thread-26" [_thread_blocked, id=171124, stack(0x0000000062e20000,0x0000000062f20000)]
  0x0000000060cf1800 JavaThread "pool-1-thread-25" [_thread_blocked, id=163592, stack(0x0000000062d20000,0x0000000062e20000)]
  0x0000000060cf1000 JavaThread "pool-1-thread-24" [_thread_blocked, id=19624, stack(0x0000000062c20000,0x0000000062d20000)]
  0x0000000060cf0000 JavaThread "pool-1-thread-23" [_thread_blocked, id=57180, stack(0x0000000062b20000,0x0000000062c20000)]
  0x0000000060cef800 JavaThread "pool-1-thread-22" [_thread_blocked, id=204892, stack(0x0000000062a20000,0x0000000062b20000)]
  0x0000000060cee800 JavaThread "pool-1-thread-21" [_thread_blocked, id=55520, stack(0x0000000062920000,0x0000000062a20000)]
  0x0000000060cee000 JavaThread "pool-1-thread-20" [_thread_blocked, id=105284, stack(0x0000000062820000,0x0000000062920000)]
  0x0000000060ced000 JavaThread "pool-1-thread-19" [_thread_blocked, id=71836, stack(0x0000000062720000,0x0000000062820000)]
  0x0000000060cec800 JavaThread "pool-1-thread-18" [_thread_blocked, id=162024, stack(0x0000000062620000,0x0000000062720000)]
  0x0000000060ceb800 JavaThread "pool-1-thread-17" [_thread_blocked, id=150132, stack(0x0000000062520000,0x0000000062620000)]
  0x0000000060ceb000 JavaThread "pool-1-thread-16" [_thread_blocked, id=122980, stack(0x0000000062420000,0x0000000062520000)]
  0x0000000060cea800 JavaThread "pool-1-thread-15" [_thread_blocked, id=52256, stack(0x0000000062320000,0x0000000062420000)]
  0x0000000060ce9800 JavaThread "pool-1-thread-14" [_thread_blocked, id=115892, stack(0x0000000062220000,0x0000000062320000)]
  0x0000000060ce9000 JavaThread "pool-1-thread-13" [_thread_blocked, id=16752, stack(0x0000000062120000,0x0000000062220000)]
  0x0000000060ce8000 JavaThread "pool-1-thread-12" [_thread_blocked, id=5780, stack(0x0000000062020000,0x0000000062120000)]
  0x0000000060ce7800 JavaThread "pool-1-thread-11" [_thread_blocked, id=90532, stack(0x0000000061f20000,0x0000000062020000)]
  0x0000000060ce6800 JavaThread "pool-1-thread-10" [_thread_blocked, id=160504, stack(0x0000000061e20000,0x0000000061f20000)]
  0x0000000060ce6000 JavaThread "pool-1-thread-9" [_thread_blocked, id=185964, stack(0x0000000061d20000,0x0000000061e20000)]
  0x0000000060ce5000 JavaThread "pool-1-thread-8" [_thread_blocked, id=16324, stack(0x0000000061c20000,0x0000000061d20000)]
  0x0000000060ce4800 JavaThread "pool-1-thread-7" [_thread_blocked, id=54304, stack(0x0000000061b20000,0x0000000061c20000)]
  0x0000000060ce4000 JavaThread "pool-1-thread-6" [_thread_blocked, id=101236, stack(0x0000000061a20000,0x0000000061b20000)]
  0x0000000060ce3000 JavaThread "pool-1-thread-5" [_thread_blocked, id=26756, stack(0x0000000061920000,0x0000000061a20000)]
  0x00000000608ed800 JavaThread "pool-1-thread-4" [_thread_blocked, id=190980, stack(0x0000000061820000,0x0000000061920000)]
  0x00000000608ec800 JavaThread "pool-1-thread-3" [_thread_blocked, id=53532, stack(0x0000000061720000,0x0000000061820000)]
  0x0000000060b17800 JavaThread "pool-1-thread-2" [_thread_blocked, id=112664, stack(0x0000000061620000,0x0000000061720000)]
  0x0000000060b16800 JavaThread "pool-1-thread-1" [_thread_blocked, id=152380, stack(0x0000000061520000,0x0000000061620000)]
  0x000000005cefc800 JavaThread "Low Memory Detector" daemon [_thread_blocked, id=124364, stack(0x0000000060630000,0x0000000060730000)]
  0x000000005cef9000 JavaThread "CompilerThread1" daemon [_thread_blocked, id=171864, stack(0x0000000060530000,0x0000000060630000)]
  0x000000005cef1800 JavaThread "CompilerThread0" daemon [_thread_blocked, id=105272, stack(0x0000000060430000,0x0000000060530000)]
  0x000000005ceed000 JavaThread "Attach Listener" daemon [_thread_blocked, id=71292, stack(0x0000000060330000,0x0000000060430000)]
  0x000000005ceec000 JavaThread "Signal Dispatcher" daemon [_thread_blocked, id=132604, stack(0x0000000060230000,0x0000000060330000)]
  0x000000005ce9a000 JavaThread "Finalizer" daemon [_thread_blocked, id=69052, stack(0x0000000060130000,0x0000000060230000)]
  0x000000005ce94000 JavaThread "Reference Handler" daemon [_thread_blocked, id=16656, stack(0x0000000060030000,0x0000000060130000)]
  0x000000000079e000 JavaThread "main" [_thread_blocked, id=179612, stack(0x0000000001ec0000,0x0000000001fc0000)]

Other Threads:
=>0x000000005ce8d000 VMThread [stack: 0x000000005ff30000,0x0000000060030000] [id=56996]
  0x000000005cf0e000 WatcherThread [stack: 0x0000000060730000,0x0000000060830000] [id=205008]

VM state:at safepoint (normal execution)

VM Mutex/Monitor currently owned by a thread:  ([mutex/lock_event])
[0x000000000079bde0] Threads_lock - owner thread: 0x000000005ce8d000
[0x000000000079c2e0] Heap_lock - owner thread: 0x00000000609ce800

Heap
 PSYoungGen      total 119762048K, used 0K [0x000000a9aff50000, 0x000000df021a0000, 0x000000fe34bf0000)
  eden space 23462208K, 0% used [0x000000a9aff50000,0x000000a9aff50000,0x000000af47fa0000)
  from space 96299840K, 0% used [0x000000c6d6d20000,0x000000c6d6d20000,0x000000ddcc7f0000)
  to   space 98809344K, 0% used [0x000000af47fa0000,0x000000af47fa0000,0x000000c6d6d20000)
 PSOldGen        total 242810752K, used 67147518K [0x00000000a65f0000, 0x0000003a8a5d0000, 0x000000a9aff50000)
  object space 242810752K, 27% used [0x00000000a65f0000,0x00000010a8baf9f8,0x0000003a8a5d0000)
 PSPermGen       total 25216K, used 24616K [0x000000007fff0000, 0x0000000081890000, 0x00000000a65f0000)
  object space 25216K, 97% used [0x000000007fff0000,0x00000000817fa390,0x0000000081890000)

Dynamic libraries:
0x0000000000400000 - 0x000000000042e000 	C:\Program Files\AnyLogic 7 University\jre\bin\javaw.exe
0x0000000076e00000 - 0x0000000076fa9000 	C:\Windows\SYSTEM32\ntdll.dll
0x0000000076ce0000 - 0x0000000076dff000 	C:\Windows\system32\kernel32.dll
0x000007fefd480000 - 0x000007fefd4eb000 	C:\Windows\system32\KERNELBASE.dll
0x000007fefea00000 - 0x000007fefeadb000 	C:\Windows\system32\ADVAPI32.dll
0x000007fefd840000 - 0x000007fefd8df000 	C:\Windows\system32\msvcrt.dll
0x000007fefe7f0000 - 0x000007fefe80f000 	C:\Windows\SYSTEM32\sechost.dll
0x000007fefe810000 - 0x000007fefe93d000 	C:\Windows\system32\RPCRT4.dll
0x0000000076a80000 - 0x0000000076b7a000 	C:\Windows\system32\USER32.dll
0x000007fefeae0000 - 0x000007fefeb47000 	C:\Windows\system32\GDI32.dll
0x000007fefed30000 - 0x000007fefed3e000 	C:\Windows\system32\LPK.dll
0x000007fefedd0000 - 0x000007fefee99000 	C:\Windows\system32\USP10.dll
0x000007fefeda0000 - 0x000007fefedce000 	C:\Windows\system32\IMM32.DLL
0x000007feff000000 - 0x000007feff109000 	C:\Windows\system32\MSCTF.dll
0x000000006d890000 - 0x000000006df94000 	C:\Program Files\AnyLogic 7 University\jre\bin\server\jvm.dll
0x000007fef3c10000 - 0x000007fef3c4b000 	C:\Windows\system32\WINMM.dll
0x000000006d800000 - 0x000000006d80e000 	C:\Program Files\AnyLogic 7 University\jre\bin\verify.dll
0x000000006d450000 - 0x000000006d477000 	C:\Program Files\AnyLogic 7 University\jre\bin\java.dll
0x000000006d3b0000 - 0x000000006d3ba000 	C:\Program Files\AnyLogic 7 University\jre\bin\hpi.dll
0x0000000076fc0000 - 0x0000000076fc7000 	C:\Windows\system32\PSAPI.DLL
0x000000006d850000 - 0x000000006d862000 	C:\Program Files\AnyLogic 7 University\jre\bin\zip.dll
0x000000006d0a0000 - 0x000000006d263000 	C:\Program Files\AnyLogic 7 University\jre\bin\awt.dll
0x000007fef8c20000 - 0x000007fef8c91000 	C:\Windows\system32\WINSPOOL.DRV
0x000007fefd630000 - 0x000007fefd833000 	C:\Windows\system32\ole32.dll
0x000007fefd9e0000 - 0x000007fefe768000 	C:\Windows\system32\SHELL32.dll
0x000007fefef80000 - 0x000007fefeff1000 	C:\Windows\system32\SHLWAPI.dll
0x000007fefbce0000 - 0x000007fefbed4000 	C:\Windows\WinSxS\amd64_microsoft.windows.common-controls_6595b64144ccf1df_6.0.7601.17514_none_fa396087175ac9ac\COMCTL32.dll
0x000007fefb520000 - 0x000007fefb538000 	C:\Windows\system32\DWMAPI.DLL
0x000007fefd150000 - 0x000007fefd15f000 	C:\Windows\system32\CRYPTBASE.dll
0x000000006d340000 - 0x000000006d3a6000 	C:\Program Files\AnyLogic 7 University\jre\bin\fontmanager.dll
0x000000006d6a0000 - 0x000000006d6b7000 	C:\Program Files\AnyLogic 7 University\jre\bin\net.dll
0x000007fefd990000 - 0x000007fefd9dd000 	C:\Windows\system32\WS2_32.dll
0x000007fefd8e0000 - 0x000007fefd8e8000 	C:\Windows\system32\NSI.dll
0x000007fefca50000 - 0x000007fefcaa5000 	C:\Windows\system32\mswsock.dll
0x000007fefcba0000 - 0x000007fefcba7000 	C:\Windows\System32\wship6.dll
0x000000006d6c0000 - 0x000000006d6cb000 	C:\Program Files\AnyLogic 7 University\jre\bin\nio.dll

VM Arguments:
jvm_args: -Xms1024m -XX:MaxPermSize=630040k -Xmx1038565m -DlanguageId_xjal=en0o9en1 -Dfile.encoding=Cp1252 
java_command: com.xj.anylogic.ms.MS CRC.HassmillerCRC 174a76c seed 12334
Launcher Type: SUN_STANDARD

Environment Variables:
JAVA_HOME=c:\Progra~1\Java\jdk1.8.0_74
PATH=C:/Program Files/AnyLogic 7 University/jre/bin/server;C:/Program Files/AnyLogic 7 University/jre/bin;C:/Program Files/AnyLogic 7 University/jre/lib/amd64;c:\Progra~1\Java\jdk1.8.0_74;C:\Program Files\jdk1.8.0_74\bin;C:\Users\stevec\app\apache-maven-3.1.1\bin;C:\Windows\system32;C:\Windows;C:\Windows\System32\Wbem;C:\Windows\System32\WindowsPowerShell\v1.0\;C:\Program Files\Perforce;C:\Program Files\AnyLogic 7 University;
USERNAME=stevec
OS=Windows_NT
PROCESSOR_IDENTIFIER=Intel64 Family 6 Model 46 Stepping 6, GenuineIntel



---------------  S Y S T E M  ---------------

OS: Windows NT 6.1 Build 7601 Service Pack 1

CPU:total 64 (8 cores per cpu, 2 threads per core) family 6 model 46 stepping 6, cmov, cx8, fxsr, mmx, sse, sse2, sse3, ssse3, sse4.1, sse4.2, popcnt, ht

Memory: 4k page, physical 1073731412k(549908880k free), swap 1073729552k(507658560k free)

vm_info: Java HotSpot(TM) 64-Bit Server VM (19.1-b02) for windows-amd64 JRE (1.6.0_24-b07), built on Feb  2 2011 16:25:45 by "java_re" with MS VC++ 8.0 (VS2005)

time: Tue Jun 07 21:52:55 2016
elapsed time: 15610 seconds

