people.sex|people.race|households.hh_income|people.age|households.hh_size|households.latitude|households.longitude|pumsp.hisp|pumsp.schl|pumsp.semp|pumsp.rac1p
2|1|18500|63|2|36.1555220|-81.2787585|01|04|000000|1
2|1|18500|38|2|36.1555220|-81.2787585|01|06|000000|1
2|1|18500|63|2|36.4950255|-80.6442801|01|04|000000|1
2|1|18500|38|2|36.4950255|-80.6442801|01|06|000000|1
2|1|18500|63|2|36.3506002|-80.8406934|01|04|000000|1
2|1|18500|38|2|36.3506002|-80.8406934|01|06|000000|1
2|1|18500|63|2|36.4796368|-80.6252402|01|04|000000|1
2|1|18500|38|2|36.4796368|-80.6252402|01|06|000000|1
2|1|18500|63|2|36.3429931|-80.6521636|01|04|000000|1
2|1|18500|38|2|36.3429931|-80.6521636|01|06|000000|1
2|1|18500|63|2|36.3065793|-80.6312554|01|04|000000|1
2|1|18500|38|2|36.3065793|-80.6312554|01|06|000000|1
2|1|18500|63|2|36.5406825|-81.2026185|01|04|000000|1
2|1|18500|38|2|36.5406825|-81.2026185|01|06|000000|1
2|1|18500|63|2|36.1690728|-80.9710296|01|04|000000|1
2|1|18500|38|2|36.1690728|-80.9710296|01|06|000000|1
2|1|18500|63|2|36.2633658|-81.1624471|01|04|000000|1
2|1|18500|38|2|36.2633658|-81.1624471|01|06|000000|1
2|1|27170|42|4|36.2285323|-75.8728843|01|10|000000|1
1|1|27170|47|4|36.2285323|-75.8728843|01|09|018000|1
1|1|27170|16|4|36.2285323|-75.8728843|01|06|000000|1
2|1|27170|11|4|36.2285323|-75.8728843|01|03||1
2|1|27170|42|4|36.0809848|-76.4309260|01|10|000000|1
1|1|27170|47|4|36.0809848|-76.4309260|01|09|018000|1
1|1|27170|16|4|36.0809848|-76.4309260|01|06|000000|1
2|1|27170|11|4|36.0809848|-76.4309260|01|03||1
2|1|27170|42|4|36.4541428|-76.0605743|01|10|000000|1
1|1|27170|47|4|36.4541428|-76.0605743|01|09|018000|1
1|1|27170|16|4|36.4541428|-76.0605743|01|06|000000|1
2|1|27170|11|4|36.4541428|-76.0605743|01|03||1
2|1|27170|42|4|36.2382825|-75.8739272|01|10|000000|1
1|1|27170|47|4|36.2382825|-75.8739272|01|09|018000|1
1|1|27170|16|4|36.2382825|-75.8739272|01|06|000000|1
2|1|27170|11|4|36.2382825|-75.8739272|01|03||1
2|1|27170|42|4|36.1725933|-76.4766329|01|10|000000|1
1|1|27170|47|4|36.1725933|-76.4766329|01|09|018000|1
1|1|27170|16|4|36.1725933|-76.4766329|01|06|000000|1
2|1|27170|11|4|36.1725933|-76.4766329|01|03||1
2|1|27170|42|4|35.9869791|-75.6470824|01|10|000000|1
1|1|27170|47|4|35.9869791|-75.6470824|01|09|018000|1
1|1|27170|16|4|35.9869791|-75.6470824|01|06|000000|1
2|1|27170|11|4|35.9869791|-75.6470824|01|03||1
2|1|27170|42|4|35.9410836|-76.4998737|01|10|000000|1
1|1|27170|47|4|35.9410836|-76.4998737|01|09|018000|1
1|1|27170|16|4|35.9410836|-76.4998737|01|06|000000|1
2|1|27170|11|4|35.9410836|-76.4998737|01|03||1
2|1|27170|42|4|35.9270947|-75.6922846|01|10|000000|1
1|1|27170|47|4|35.9270947|-75.6922846|01|09|018000|1
1|1|27170|16|4|35.9270947|-75.6922846|01|06|000000|1
2|1|27170|11|4|35.9270947|-75.6922846|01|03||1
2|1|27170|42|4|36.2162500|-76.7071881|01|10|000000|1
1|1|27170|47|4|36.2162500|-76.7071881|01|09|018000|1
1|1|27170|16|4|36.2162500|-76.7071881|01|06|000000|1
2|1|27170|11|4|36.2162500|-76.7071881|01|03||1
2|1|27170|42|4|36.2894503|-75.8933265|01|10|000000|1
1|1|27170|47|4|36.2894503|-75.8933265|01|09|018000|1
1|1|27170|16|4|36.2894503|-75.8933265|01|06|000000|1
2|1|27170|11|4|36.2894503|-75.8933265|01|03||1
2|1|27170|42|4|36.4752493|-76.0391501|01|10|000000|1
1|1|27170|47|4|36.4752493|-76.0391501|01|09|018000|1
1|1|27170|16|4|36.4752493|-76.0391501|01|06|000000|1
2|1|27170|11|4|36.4752493|-76.0391501|01|03||1
2|1|27170|42|4|36.3003215|-76.2267470|01|10|000000|1
1|1|27170|47|4|36.3003215|-76.2267470|01|09|018000|1
1|1|27170|16|4|36.3003215|-76.2267470|01|06|000000|1
2|1|27170|11|4|36.3003215|-76.2267470|01|03||1
2|1|27170|42|4|36.0097670|-75.6768616|01|10|000000|1
1|1|27170|47|4|36.0097670|-75.6768616|01|09|018000|1
1|1|27170|16|4|36.0097670|-75.6768616|01|06|000000|1
2|1|27170|11|4|36.0097670|-75.6768616|01|03||1
2|1|27170|42|4|36.0837725|-76.4209760|01|10|000000|1
1|1|27170|47|4|36.0837725|-76.4209760|01|09|018000|1
1|1|27170|16|4|36.0837725|-76.4209760|01|06|000000|1
2|1|27170|11|4|36.0837725|-76.4209760|01|03||1
2|1|27170|42|4|36.0263523|-75.6725902|01|10|000000|1
1|1|27170|47|4|36.0263523|-75.6725902|01|09|018000|1
1|1|27170|16|4|36.0263523|-75.6725902|01|06|000000|1
2|1|27170|11|4|36.0263523|-75.6725902|01|03||1
2|1|27170|42|4|36.4212560|-76.0926915|01|10|000000|1
1|1|27170|47|4|36.4212560|-76.0926915|01|09|018000|1
1|1|27170|16|4|36.4212560|-76.0926915|01|06|000000|1
2|1|27170|11|4|36.4212560|-76.0926915|01|03||1
2|1|27170|42|4|36.5479654|-76.7355416|01|10|000000|1
1|1|27170|47|4|36.5479654|-76.7355416|01|09|018000|1
1|1|27170|16|4|36.5479654|-76.7355416|01|06|000000|1
2|1|27170|11|4|36.5479654|-76.7355416|01|03||1
2|1|27170|42|4|35.9338485|-76.4331470|01|10|000000|1
1|1|27170|47|4|35.9338485|-76.4331470|01|09|018000|1
1|1|27170|16|4|35.9338485|-76.4331470|01|06|000000|1
2|1|27170|11|4|35.9338485|-76.4331470|01|03||1
2|1|27170|42|4|36.3185231|-76.1595609|01|10|000000|1
1|1|27170|47|4|36.3185231|-76.1595609|01|09|018000|1
1|1|27170|16|4|36.3185231|-76.1595609|01|06|000000|1
2|1|27170|11|4|36.3185231|-76.1595609|01|03||1
2|1|27170|42|4|36.2436172|-76.0283066|01|10|000000|1
1|1|27170|47|4|36.2436172|-76.0283066|01|09|018000|1
1|1|27170|16|4|36.2436172|-76.0283066|01|06|000000|1
2|1|27170|11|4|36.2436172|-76.0283066|01|03||1
2|1|27170|42|4|36.0802171|-76.4340169|01|10|000000|1
1|1|27170|47|4|36.0802171|-76.4340169|01|09|018000|1
1|1|27170|16|4|36.0802171|-76.4340169|01|06|000000|1
2|1|27170|11|4|36.0802171|-76.4340169|01|03||1
2|1|27170|42|4|36.2482519|-76.5122641|01|10|000000|1
1|1|27170|47|4|36.2482519|-76.5122641|01|09|018000|1
1|1|27170|16|4|36.2482519|-76.5122641|01|06|000000|1
2|1|27170|11|4|36.2482519|-76.5122641|01|03||1
2|1|27170|42|4|36.5470825|-76.0035074|01|10|000000|1
1|1|27170|47|4|36.5470825|-76.0035074|01|09|018000|1
1|1|27170|16|4|36.5470825|-76.0035074|01|06|000000|1
2|1|27170|11|4|36.5470825|-76.0035074|01|03||1
2|1|14400|0|3|35.5704122|-80.3026907|01|||1
2|1|14400|28|3|35.5704122|-80.3026907|01|11|000000|1
1|1|14400|9|3|35.5704122|-80.3026907|01|02||1
2|1|14400|0|3|35.6631830|-80.4407381|01|||1
2|1|14400|28|3|35.6631830|-80.4407381|01|11|000000|1
1|1|14400|9|3|35.6631830|-80.4407381|01|02||1
2|1|14400|0|3|35.6385327|-80.4172630|01|||1
2|1|14400|28|3|35.6385327|-80.4172630|01|11|000000|1
1|1|14400|9|3|35.6385327|-80.4172630|01|02||1
2|1|14400|0|3|35.7253338|-80.5674072|01|||1
2|1|14400|28|3|35.7253338|-80.5674072|01|11|000000|1
1|1|14400|9|3|35.7253338|-80.5674072|01|02||1
2|1|14400|0|3|35.5102024|-80.6024964|01|||1
2|1|14400|28|3|35.5102024|-80.6024964|01|11|000000|1
1|1|14400|9|3|35.5102024|-80.6024964|01|02||1
2|1|14400|0|3|35.5830356|-80.5759258|01|||1
2|1|14400|28|3|35.5830356|-80.5759258|01|11|000000|1
1|1|14400|9|3|35.5830356|-80.5759258|01|02||1
2|1|14400|0|3|35.5724472|-80.3815976|01|||1
2|1|14400|28|3|35.5724472|-80.3815976|01|11|000000|1
1|1|14400|9|3|35.5724472|-80.3815976|01|02||1
2|1|14400|0|3|35.5703604|-80.3367580|01|||1
2|1|14400|28|3|35.5703604|-80.3367580|01|11|000000|1
1|1|14400|9|3|35.5703604|-80.3367580|01|02||1
2|1|14400|0|3|35.6147929|-80.5709661|01|||1
2|1|14400|28|3|35.6147929|-80.5709661|01|11|000000|1
1|1|14400|9|3|35.6147929|-80.5709661|01|02||1
2|1|14400|0|3|35.6942415|-80.3979936|01|||1
2|1|14400|28|3|35.6942415|-80.3979936|01|11|000000|1
1|1|14400|9|3|35.6942415|-80.3979936|01|02||1
2|1|14400|0|3|35.5879167|-80.3860979|01|||1
2|1|14400|28|3|35.5879167|-80.3860979|01|11|000000|1
1|1|14400|9|3|35.5879167|-80.3860979|01|02||1
2|1|14400|0|3|35.5883835|-80.5478434|01|||1
2|1|14400|28|3|35.5883835|-80.5478434|01|11|000000|1
1|1|14400|9|3|35.5883835|-80.5478434|01|02||1
2|1|14400|0|3|35.6069790|-80.5725248|01|||1
2|1|14400|28|3|35.6069790|-80.5725248|01|11|000000|1
1|1|14400|9|3|35.6069790|-80.5725248|01|02||1
2|1|7200|78|1|35.0687766|-80.8806211|01|06|000000|1
2|1|7200|78|1|35.3073129|-80.9790519|01|06|000000|1
2|1|7200|78|1|35.4580230|-80.8667455|01|06|000000|1
2|1|7200|78|1|35.0997897|-80.7192854|01|06|000000|1
2|1|7200|78|1|35.0915404|-80.7015006|01|06|000000|1
2|1|7200|78|1|35.4130733|-80.8306642|01|06|000000|1
2|1|7200|78|1|35.4421630|-80.9001183|01|06|000000|1
2|1|7200|78|1|35.1760964|-80.7058743|01|06|000000|1
2|1|7200|78|1|35.0573047|-80.7478762|01|06|000000|1
2|1|7200|78|1|35.0677666|-80.8818963|01|06|000000|1
2|1|7200|78|1|35.4612232|-80.9110554|01|06|000000|1
2|1|7200|78|1|35.0966128|-80.8603444|01|06|000000|1
2|1|7200|78|1|35.4825552|-80.8588821|01|06|000000|1
2|1|7200|78|1|35.4998104|-80.8649358|01|06|000000|1
2|1|7200|78|1|35.1545306|-80.7292531|01|06|000000|1
2|1|7200|78|1|35.3337133|-80.8589328|01|06|000000|1
2|1|7200|78|1|35.2343249|-80.9918231|01|06|000000|1
2|1|7200|78|1|35.2723690|-80.9697001|01|06|000000|1
2|1|7200|78|1|35.4503252|-80.8755345|01|06|000000|1
2|1|7200|78|1|35.1241544|-80.6847323|01|06|000000|1
2|1|7200|78|1|35.4898318|-80.8717872|01|06|000000|1
2|1|7200|78|1|35.4320317|-80.9328608|01|06|000000|1
2|1|7200|78|1|35.1426839|-80.7039774|01|06|000000|1
2|1|7200|78|1|35.1643753|-80.6131668|01|06|000000|1
2|1|7200|78|1|35.4235013|-80.8820639|01|06|000000|1
2|1|7200|78|1|35.1075039|-80.7546761|01|06|000000|1
2|1|7200|78|1|35.5067594|-80.8694869|01|06|000000|1
2|1|7200|78|1|35.2168046|-81.0004962|01|06|000000|1
2|1|7200|78|1|35.2212911|-80.9823448|01|06|000000|1
2|1|7200|78|1|35.2779134|-80.9760092|01|06|000000|1
2|1|7200|78|1|35.4474282|-80.8834170|01|06|000000|1
2|1|7200|78|1|35.1970467|-80.9995734|01|06|000000|1
1|1|28200|54|1|35.1838218|-80.7007207|01|11|000000|1
1|1|28200|54|1|35.4496685|-80.8760842|01|11|000000|1
1|1|28200|54|1|35.1327306|-80.6590476|01|11|000000|1
1|1|28200|54|1|35.0763157|-80.9867292|01|11|000000|1
1|1|28200|54|1|35.1240061|-80.7107397|01|11|000000|1
1|1|28200|54|1|35.1862304|-80.6947774|01|11|000000|1
1|1|28200|54|1|35.3738455|-80.7476842|01|11|000000|1
1|1|28200|54|1|35.1266027|-80.7153256|01|11|000000|1
1|1|28200|54|1|35.3677953|-80.8575638|01|11|000000|1
1|1|28200|54|1|35.3417927|-80.9038395|01|11|000000|1
1|1|28200|54|1|35.2866996|-80.7181061|01|11|000000|1
1|1|28200|54|1|35.4408633|-80.8844952|01|11|000000|1
1|1|28200|54|1|35.2004359|-80.6871681|01|11|000000|1
1|1|28200|54|1|35.0991559|-80.9616375|01|11|000000|1
1|1|28200|54|1|35.1573957|-80.7225862|01|11|000000|1
1|1|28200|54|1|35.1193726|-80.6824143|01|11|000000|1
1|1|28200|54|1|35.1842251|-80.6825877|01|11|000000|1
1|1|28200|54|1|35.0863809|-80.9932017|01|11|000000|1
1|1|28200|54|1|35.0647914|-80.8895848|01|11|000000|1
1|1|28200|54|1|35.3909394|-80.8816716|01|11|000000|1
1|1|28200|54|1|35.1026283|-80.7213548|01|11|000000|1
1|1|28200|54|1|35.0761083|-80.8871231|01|11|000000|1
1|1|28200|54|1|35.2741247|-80.7268052|01|11|000000|1
1|1|28200|54|1|35.3004167|-80.8942448|01|11|000000|1
1|1|28200|54|1|35.1008668|-80.8666817|01|11|000000|1
1|1|28200|54|1|35.3456117|-80.8122556|01|11|000000|1
1|1|28200|54|1|35.2176026|-80.6738308|01|11|000000|1
1|1|28200|54|1|35.2803088|-80.7193770|01|11|000000|1
1|1|28200|54|1|35.4728415|-80.8720862|01|11|000000|1
1|1|28200|54|1|35.1395570|-80.6616399|01|11|000000|1
1|1|28200|54|1|35.2129118|-80.5785114|01|11|000000|1
1|1|28200|54|1|35.2183729|-80.5805488|01|11|000000|1
1|1|28200|54|1|35.0550262|-80.7529801|01|11|000000|1
1|1|28200|54|1|35.4494070|-80.8830134|01|11|000000|1
1|1|28200|54|1|35.3429746|-80.7088793|01|11|000000|1
1|1|28200|54|1|35.4465325|-80.8857070|01|11|000000|1
1|1|28200|54|1|35.2582520|-80.6672028|01|11|000000|1
1|1|28200|54|1|35.4677751|-80.8877939|01|11|000000|1
1|1|28200|54|1|35.1090164|-80.7190935|01|11|000000|1
1|1|28200|54|1|35.3546259|-80.8598838|01|11|000000|1
1|1|28200|54|1|35.4215107|-80.8559877|01|11|000000|1
1|1|28200|54|1|35.1573553|-80.7356679|01|11|000000|1
1|1|28200|54|1|35.4674437|-80.8871740|01|11|000000|1
1|1|28200|54|1|35.4680665|-80.8872267|01|11|000000|1
1|1|28200|54|1|35.4689088|-80.8705567|01|11|000000|1
1|1|28200|54|1|35.4193511|-80.9054803|01|11|000000|1
1|1|28200|54|1|35.1121457|-80.7182284|01|11|000000|1
1|1|28200|54|1|35.0231466|-80.8187723|01|11|000000|1
1|1|28200|54|1|35.1087853|-80.7229904|01|11|000000|1
1|1|28200|54|1|35.4841087|-80.8961942|01|11|000000|1
1|1|28200|54|1|35.2244661|-80.9853956|01|11|000000|1
1|1|28200|54|1|35.3584185|-80.7441075|01|11|000000|1
1|1|28200|54|1|35.2341978|-80.9886424|01|11|000000|1
1|1|28200|54|1|35.0815474|-80.9873577|01|11|000000|1
1|1|28200|54|1|35.3093407|-80.7113802|01|11|000000|1
1|1|28200|54|1|35.3447556|-80.8596622|01|11|000000|1
1|1|28200|54|1|35.4116449|-80.7683769|01|11|000000|1
1|1|28200|54|1|35.1014886|-80.9764635|01|11|000000|1
1|1|28200|54|1|35.4150067|-80.8605448|01|11|000000|1
1|1|28200|54|1|35.2012811|-80.5801228|01|11|000000|1
1|1|28200|54|1|35.2494425|-80.6692920|01|11|000000|1
1|1|28200|54|1|35.1549020|-80.9289925|01|11|000000|1
2|1|87000|43|3|35.9745610|-80.4421562|01|09|000000|1
1|1|87000|38|3|35.9745610|-80.4421562|01|09|000000|1
2|1|87000|11|3|35.9745610|-80.4421562|01|03||1
2|1|87000|43|3|36.2875745|-80.2931253|01|09|000000|1
1|1|87000|38|3|36.2875745|-80.2931253|01|09|000000|1
2|1|87000|11|3|36.2875745|-80.2931253|01|03||1
2|1|87000|43|3|35.9835091|-80.4472389|01|09|000000|1
1|1|87000|38|3|35.9835091|-80.4472389|01|09|000000|1
2|1|87000|11|3|35.9835091|-80.4472389|01|03||1
2|1|87000|43|3|35.8971971|-80.6897501|01|09|000000|1
1|1|87000|38|3|35.8971971|-80.6897501|01|09|000000|1
2|1|87000|11|3|35.8971971|-80.6897501|01|03||1
2|1|87000|43|3|36.3824595|-80.1511475|01|09|000000|1
1|1|87000|38|3|36.3824595|-80.1511475|01|09|000000|1
2|1|87000|11|3|36.3824595|-80.1511475|01|03||1
2|1|87000|43|3|36.3340705|-80.1821617|01|09|000000|1
1|1|87000|38|3|36.3340705|-80.1821617|01|09|000000|1
2|1|87000|11|3|36.3340705|-80.1821617|01|03||1
2|1|87000|43|3|36.2946876|-80.3571049|01|09|000000|1
1|1|87000|38|3|36.2946876|-80.3571049|01|09|000000|1
2|1|87000|11|3|36.2946876|-80.3571049|01|03||1
2|1|87000|43|3|36.1040496|-80.6320035|01|09|000000|1
1|1|87000|38|3|36.1040496|-80.6320035|01|09|000000|1
2|1|87000|11|3|36.1040496|-80.6320035|01|03||1
2|1|87000|43|3|36.3308184|-80.4357179|01|09|000000|1
1|1|87000|38|3|36.3308184|-80.4357179|01|09|000000|1
2|1|87000|11|3|36.3308184|-80.4357179|01|03||1
2|1|87000|43|3|36.0259962|-80.4957535|01|09|000000|1
1|1|87000|38|3|36.0259962|-80.4957535|01|09|000000|1
2|1|87000|11|3|36.0259962|-80.4957535|01|03||1
2|1|87000|43|3|36.2701039|-80.3676493|01|09|000000|1
1|1|87000|38|3|36.2701039|-80.3676493|01|09|000000|1
2|1|87000|11|3|36.2701039|-80.3676493|01|03||1
2|1|87000|43|3|35.8802736|-80.6044693|01|09|000000|1
1|1|87000|38|3|35.8802736|-80.6044693|01|09|000000|1
2|1|87000|11|3|35.8802736|-80.6044693|01|03||1
2|1|87000|43|3|36.2162500|-80.7014701|01|09|000000|1
1|1|87000|38|3|36.2162500|-80.7014701|01|09|000000|1
2|1|87000|11|3|36.2162500|-80.7014701|01|03||1
2|1|87000|43|3|36.2752868|-80.3759770|01|09|000000|1
1|1|87000|38|3|36.2752868|-80.3759770|01|09|000000|1
2|1|87000|11|3|36.2752868|-80.3759770|01|03||1
2|1|87000|43|3|36.2322210|-80.8341757|01|09|000000|1
1|1|87000|38|3|36.2322210|-80.8341757|01|09|000000|1
2|1|87000|11|3|36.2322210|-80.8341757|01|03||1
2|1|87000|43|3|35.8988834|-80.5631198|01|09|000000|1
1|1|87000|38|3|35.8988834|-80.5631198|01|09|000000|1
2|1|87000|11|3|35.8988834|-80.5631198|01|03||1
2|1|87000|43|3|36.0270718|-80.4956317|01|09|000000|1
1|1|87000|38|3|36.0270718|-80.4956317|01|09|000000|1
2|1|87000|11|3|36.0270718|-80.4956317|01|03||1
2|1|87000|43|3|35.8876370|-80.5480788|01|09|000000|1
1|1|87000|38|3|35.8876370|-80.5480788|01|09|000000|1
2|1|87000|11|3|35.8876370|-80.5480788|01|03||1
2|1|87000|43|3|35.9309883|-80.4586003|01|09|000000|1
1|1|87000|38|3|35.9309883|-80.4586003|01|09|000000|1
2|1|87000|11|3|35.9309883|-80.4586003|01|03||1
2|1|87000|43|3|36.5348892|-80.2092850|01|09|000000|1
1|1|87000|38|3|36.5348892|-80.2092850|01|09|000000|1
2|1|87000|11|3|36.5348892|-80.2092850|01|03||1
2|1|87000|43|3|36.2271997|-80.7012410|01|09|000000|1
1|1|87000|38|3|36.2271997|-80.7012410|01|09|000000|1
2|1|87000|11|3|36.2271997|-80.7012410|01|03||1
2|1|87000|43|3|36.0377209|-80.6156747|01|09|000000|1
1|1|87000|38|3|36.0377209|-80.6156747|01|09|000000|1
2|1|87000|11|3|36.0377209|-80.6156747|01|03||1
2|1|87000|43|3|36.3946363|-80.1647298|01|09|000000|1
1|1|87000|38|3|36.3946363|-80.1647298|01|09|000000|1
2|1|87000|11|3|36.3946363|-80.1647298|01|03||1
2|1|87000|43|3|36.3418229|-80.2185924|01|09|000000|1
1|1|87000|38|3|36.3418229|-80.2185924|01|09|000000|1
2|1|87000|11|3|36.3418229|-80.2185924|01|03||1
2|1|87000|43|3|36.0059555|-80.6727725|01|09|000000|1
1|1|87000|38|3|36.0059555|-80.6727725|01|09|000000|1
2|1|87000|11|3|36.0059555|-80.6727725|01|03||1
2|1|87000|43|3|36.4411827|-80.2320270|01|09|000000|1
1|1|87000|38|3|36.4411827|-80.2320270|01|09|000000|1
2|1|87000|11|3|36.4411827|-80.2320270|01|03||1
2|1|87000|43|3|36.4117259|-80.1014934|01|09|000000|1
1|1|87000|38|3|36.4117259|-80.1014934|01|09|000000|1
2|1|87000|11|3|36.4117259|-80.1014934|01|03||1
1|2|38000|6|4|35.1122069|-78.9107956|24|02||2
1|2|38000|21|4|35.1122069|-78.9107956|01|09|000000|2
2|2|38000|24|4|35.1122069|-78.9107956|01|06|000000|2
2|2|38000|0|4|35.1122069|-78.9107956|03|||2
1|2|38000|6|4|35.1077079|-78.9112347|24|02||2
1|2|38000|21|4|35.1077079|-78.9112347|01|09|000000|2
2|2|38000|24|4|35.1077079|-78.9112347|01|06|000000|2
2|2|38000|0|4|35.1077079|-78.9112347|03|||2
1|2|38000|6|4|35.1373473|-78.8882580|24|02||2
1|2|38000|21|4|35.1373473|-78.8882580|01|09|000000|2
2|2|38000|24|4|35.1373473|-78.8882580|01|06|000000|2
2|2|38000|0|4|35.1373473|-78.8882580|03|||2
1|2|38000|6|4|35.0819121|-78.9010623|24|02||2
1|2|38000|21|4|35.0819121|-78.9010623|01|09|000000|2
2|2|38000|24|4|35.0819121|-78.9010623|01|06|000000|2
2|2|38000|0|4|35.0819121|-78.9010623|03|||2
1|2|38000|6|4|35.1194574|-78.8749001|24|02||2
1|2|38000|21|4|35.1194574|-78.8749001|01|09|000000|2
2|2|38000|24|4|35.1194574|-78.8749001|01|06|000000|2
2|2|38000|0|4|35.1194574|-78.8749001|03|||2
1|2|38000|6|4|35.1005980|-78.9233324|24|02||2
1|2|38000|21|4|35.1005980|-78.9233324|01|09|000000|2
2|2|38000|24|4|35.1005980|-78.9233324|01|06|000000|2
2|2|38000|0|4|35.1005980|-78.9233324|03|||2
1|2|38000|6|4|35.0795060|-78.8985214|24|02||2
1|2|38000|21|4|35.0795060|-78.8985214|01|09|000000|2
2|2|38000|24|4|35.0795060|-78.8985214|01|06|000000|2
2|2|38000|0|4|35.0795060|-78.8985214|03|||2
1|2|38000|6|4|35.0467258|-78.9563158|24|02||2
1|2|38000|21|4|35.0467258|-78.9563158|01|09|000000|2
2|2|38000|24|4|35.0467258|-78.9563158|01|06|000000|2
2|2|38000|0|4|35.0467258|-78.9563158|03|||2
1|2|38000|6|4|35.0720236|-78.8958012|24|02||2
1|2|38000|21|4|35.0720236|-78.8958012|01|09|000000|2
2|2|38000|24|4|35.0720236|-78.8958012|01|06|000000|2
2|2|38000|0|4|35.0720236|-78.8958012|03|||2
1|2|38000|6|4|35.0658851|-79.0018856|24|02||2
1|2|38000|21|4|35.0658851|-79.0018856|01|09|000000|2
2|2|38000|24|4|35.0658851|-79.0018856|01|06|000000|2
2|2|38000|0|4|35.0658851|-79.0018856|03|||2
1|2|38000|6|4|35.0766994|-78.9072921|24|02||2
1|2|38000|21|4|35.0766994|-78.9072921|01|09|000000|2
2|2|38000|24|4|35.0766994|-78.9072921|01|06|000000|2
2|2|38000|0|4|35.0766994|-78.9072921|03|||2
1|2|38000|6|4|35.0532980|-79.0020030|24|02||2
1|2|38000|21|4|35.0532980|-79.0020030|01|09|000000|2
2|2|38000|24|4|35.0532980|-79.0020030|01|06|000000|2
2|2|38000|0|4|35.0532980|-79.0020030|03|||2
1|2|38000|6|4|35.0791079|-78.9000473|24|02||2
1|2|38000|21|4|35.0791079|-78.9000473|01|09|000000|2
2|2|38000|24|4|35.0791079|-78.9000473|01|06|000000|2
2|2|38000|0|4|35.0791079|-78.9000473|03|||2
1|2|38000|6|4|35.0781651|-78.9053129|24|02||2
1|2|38000|21|4|35.0781651|-78.9053129|01|09|000000|2
2|2|38000|24|4|35.0781651|-78.9053129|01|06|000000|2
2|2|38000|0|4|35.0781651|-78.9053129|03|||2
1|2|38000|6|4|35.0544509|-78.9959746|24|02||2
1|2|38000|21|4|35.0544509|-78.9959746|01|09|000000|2
2|2|38000|24|4|35.0544509|-78.9959746|01|06|000000|2
2|2|38000|0|4|35.0544509|-78.9959746|03|||2
1|2|38000|6|4|35.0825909|-78.9088454|24|02||2
1|2|38000|21|4|35.0825909|-78.9088454|01|09|000000|2
2|2|38000|24|4|35.0825909|-78.9088454|01|06|000000|2
2|2|38000|0|4|35.0825909|-78.9088454|03|||2
1|2|38000|6|4|35.1091783|-78.9041481|24|02||2
1|2|38000|21|4|35.1091783|-78.9041481|01|09|000000|2
2|2|38000|24|4|35.1091783|-78.9041481|01|06|000000|2
2|2|38000|0|4|35.1091783|-78.9041481|03|||2
1|2|38000|6|4|35.1083810|-78.9086742|24|02||2
1|2|38000|21|4|35.1083810|-78.9086742|01|09|000000|2
2|2|38000|24|4|35.1083810|-78.9086742|01|06|000000|2
2|2|38000|0|4|35.1083810|-78.9086742|03|||2
1|2|38000|6|4|35.0403137|-78.8496516|24|02||2
1|2|38000|21|4|35.0403137|-78.8496516|01|09|000000|2
2|2|38000|24|4|35.0403137|-78.8496516|01|06|000000|2
2|2|38000|0|4|35.0403137|-78.8496516|03|||2
1|2|38000|6|4|35.1040144|-78.8756177|24|02||2
1|2|38000|21|4|35.1040144|-78.8756177|01|09|000000|2
2|2|38000|24|4|35.1040144|-78.8756177|01|06|000000|2
2|2|38000|0|4|35.1040144|-78.8756177|03|||2
1|2|38000|6|4|35.0807340|-78.8996868|24|02||2
1|2|38000|21|4|35.0807340|-78.8996868|01|09|000000|2
2|2|38000|24|4|35.0807340|-78.8996868|01|06|000000|2
2|2|38000|0|4|35.0807340|-78.8996868|03|||2
1|2|38000|6|4|35.0502370|-78.9888918|24|02||2
1|2|38000|21|4|35.0502370|-78.9888918|01|09|000000|2
2|2|38000|24|4|35.0502370|-78.9888918|01|06|000000|2
2|2|38000|0|4|35.0502370|-78.9888918|03|||2
1|2|38000|6|4|35.1045833|-78.9012500|24|02||2
1|2|38000|21|4|35.1045833|-78.9012500|01|09|000000|2
2|2|38000|24|4|35.1045833|-78.9012500|01|06|000000|2
2|2|38000|0|4|35.1045833|-78.9012500|03|||2
1|2|38000|6|4|35.0916649|-78.8754616|24|02||2
1|2|38000|21|4|35.0916649|-78.8754616|01|09|000000|2
2|2|38000|24|4|35.0916649|-78.8754616|01|06|000000|2
2|2|38000|0|4|35.0916649|-78.8754616|03|||2
1|2|38000|6|4|35.0782138|-78.9071598|24|02||2
1|2|38000|21|4|35.0782138|-78.9071598|01|09|000000|2
2|2|38000|24|4|35.0782138|-78.9071598|01|06|000000|2
2|2|38000|0|4|35.0782138|-78.9071598|03|||2
1|2|38000|6|4|35.1061704|-78.9237986|24|02||2
1|2|38000|21|4|35.1061704|-78.9237986|01|09|000000|2
2|2|38000|24|4|35.1061704|-78.9237986|01|06|000000|2
2|2|38000|0|4|35.1061704|-78.9237986|03|||2
1|2|38000|6|4|35.1114488|-78.9128612|24|02||2
1|2|38000|21|4|35.1114488|-78.9128612|01|09|000000|2
2|2|38000|24|4|35.1114488|-78.9128612|01|06|000000|2
2|2|38000|0|4|35.1114488|-78.9128612|03|||2
1|2|38000|6|4|35.1041493|-78.9062386|24|02||2
1|2|38000|21|4|35.1041493|-78.9062386|01|09|000000|2
2|2|38000|24|4|35.1041493|-78.9062386|01|06|000000|2
2|2|38000|0|4|35.1041493|-78.9062386|03|||2
1|2|38000|6|4|35.1146073|-78.9267637|24|02||2
1|2|38000|21|4|35.1146073|-78.9267637|01|09|000000|2
2|2|38000|24|4|35.1146073|-78.9267637|01|06|000000|2
2|2|38000|0|4|35.1146073|-78.9267637|03|||2
1|2|38000|6|4|35.0709430|-79.0084864|24|02||2
1|2|38000|21|4|35.0709430|-79.0084864|01|09|000000|2
2|2|38000|24|4|35.0709430|-79.0084864|01|06|000000|2
2|2|38000|0|4|35.0709430|-79.0084864|03|||2
1|2|38000|6|4|35.0717105|-79.0166991|24|02||2
1|2|38000|21|4|35.0717105|-79.0166991|01|09|000000|2
2|2|38000|24|4|35.0717105|-79.0166991|01|06|000000|2
2|2|38000|0|4|35.0717105|-79.0166991|03|||2
1|2|38000|6|4|35.0932772|-78.9115441|24|02||2
1|2|38000|21|4|35.0932772|-78.9115441|01|09|000000|2
2|2|38000|24|4|35.0932772|-78.9115441|01|06|000000|2
2|2|38000|0|4|35.0932772|-78.9115441|03|||2
1|2|38000|6|4|35.0632152|-79.0069820|24|02||2
1|2|38000|21|4|35.0632152|-79.0069820|01|09|000000|2
2|2|38000|24|4|35.0632152|-79.0069820|01|06|000000|2
2|2|38000|0|4|35.0632152|-79.0069820|03|||2
1|2|38000|6|4|35.0797933|-78.8804167|24|02||2
1|2|38000|21|4|35.0797933|-78.8804167|01|09|000000|2
2|2|38000|24|4|35.0797933|-78.8804167|01|06|000000|2
2|2|38000|0|4|35.0797933|-78.8804167|03|||2
1|2|38000|6|4|35.0793910|-78.9616807|24|02||2
1|2|38000|21|4|35.0793910|-78.9616807|01|09|000000|2
2|2|38000|24|4|35.0793910|-78.9616807|01|06|000000|2
2|2|38000|0|4|35.0793910|-78.9616807|03|||2
1|2|38000|6|4|35.1066253|-78.9023925|24|02||2
1|2|38000|21|4|35.1066253|-78.9023925|01|09|000000|2
2|2|38000|24|4|35.1066253|-78.9023925|01|06|000000|2
2|2|38000|0|4|35.1066253|-78.9023925|03|||2
1|2|38000|6|4|35.0597603|-78.9604167|24|02||2
1|2|38000|21|4|35.0597603|-78.9604167|01|09|000000|2
2|2|38000|24|4|35.0597603|-78.9604167|01|06|000000|2
2|2|38000|0|4|35.0597603|-78.9604167|03|||2
1|2|38000|6|4|35.0790391|-78.9033913|24|02||2
1|2|38000|21|4|35.0790391|-78.9033913|01|09|000000|2
2|2|38000|24|4|35.0790391|-78.9033913|01|06|000000|2
2|2|38000|0|4|35.0790391|-78.9033913|03|||2
1|2|38000|6|4|35.0789565|-78.9052946|24|02||2
1|2|38000|21|4|35.0789565|-78.9052946|01|09|000000|2
2|2|38000|24|4|35.0789565|-78.9052946|01|06|000000|2
2|2|38000|0|4|35.0789565|-78.9052946|03|||2
1|2|38000|6|4|35.1145660|-78.9142490|24|02||2
1|2|38000|21|4|35.1145660|-78.9142490|01|09|000000|2
2|2|38000|24|4|35.1145660|-78.9142490|01|06|000000|2
2|2|38000|0|4|35.1145660|-78.9142490|03|||2
1|2|38000|6|4|35.0508501|-78.9646680|24|02||2
1|2|38000|21|4|35.0508501|-78.9646680|01|09|000000|2
2|2|38000|24|4|35.0508501|-78.9646680|01|06|000000|2
2|2|38000|0|4|35.0508501|-78.9646680|03|||2
1|2|38000|6|4|35.0696403|-79.0173165|24|02||2
1|2|38000|21|4|35.0696403|-79.0173165|01|09|000000|2
2|2|38000|24|4|35.0696403|-79.0173165|01|06|000000|2
2|2|38000|0|4|35.0696403|-79.0173165|03|||2
1|2|38000|6|4|35.1199558|-78.8943346|24|02||2
1|2|38000|21|4|35.1199558|-78.8943346|01|09|000000|2
2|2|38000|24|4|35.1199558|-78.8943346|01|06|000000|2
2|2|38000|0|4|35.1199558|-78.8943346|03|||2
1|2|38000|6|4|35.0689640|-79.0198317|24|02||2
1|2|38000|21|4|35.0689640|-79.0198317|01|09|000000|2
2|2|38000|24|4|35.0689640|-79.0198317|01|06|000000|2
2|2|38000|0|4|35.0689640|-79.0198317|03|||2
1|2|38000|6|4|35.0631089|-79.0137881|24|02||2
1|2|38000|21|4|35.0631089|-79.0137881|01|09|000000|2
2|2|38000|24|4|35.0631089|-79.0137881|01|06|000000|2
2|2|38000|0|4|35.0631089|-79.0137881|03|||2
1|2|38000|6|4|35.0865816|-78.8847712|24|02||2
1|2|38000|21|4|35.0865816|-78.8847712|01|09|000000|2
2|2|38000|24|4|35.0865816|-78.8847712|01|06|000000|2
2|2|38000|0|4|35.0865816|-78.8847712|03|||2
1|2|38000|6|4|35.0692474|-79.0033953|24|02||2
1|2|38000|21|4|35.0692474|-79.0033953|01|09|000000|2
2|2|38000|24|4|35.0692474|-79.0033953|01|06|000000|2
2|2|38000|0|4|35.0692474|-79.0033953|03|||2
1|2|38000|6|4|35.0822054|-78.9046728|24|02||2
1|2|38000|21|4|35.0822054|-78.9046728|01|09|000000|2
2|2|38000|24|4|35.0822054|-78.9046728|01|06|000000|2
2|2|38000|0|4|35.0822054|-78.9046728|03|||2
1|2|38000|6|4|35.0654823|-79.0022914|24|02||2
1|2|38000|21|4|35.0654823|-79.0022914|01|09|000000|2
2|2|38000|24|4|35.0654823|-79.0022914|01|06|000000|2
2|2|38000|0|4|35.0654823|-79.0022914|03|||2
1|2|38000|6|4|35.0845833|-78.9013799|24|02||2
1|2|38000|21|4|35.0845833|-78.9013799|01|09|000000|2
2|2|38000|24|4|35.0845833|-78.9013799|01|06|000000|2
2|2|38000|0|4|35.0845833|-78.9013799|03|||2
1|2|38000|6|4|35.1041407|-78.9646685|24|02||2
1|2|38000|21|4|35.1041407|-78.9646685|01|09|000000|2
2|2|38000|24|4|35.1041407|-78.9646685|01|06|000000|2
2|2|38000|0|4|35.1041407|-78.9646685|03|||2
1|2|38000|6|4|35.0733355|-78.9705975|24|02||2
1|2|38000|21|4|35.0733355|-78.9705975|01|09|000000|2
2|2|38000|24|4|35.0733355|-78.9705975|01|06|000000|2
2|2|38000|0|4|35.0733355|-78.9705975|03|||2
1|2|38000|6|4|35.1000895|-78.9209960|24|02||2
1|2|38000|21|4|35.1000895|-78.9209960|01|09|000000|2
2|2|38000|24|4|35.1000895|-78.9209960|01|06|000000|2
2|2|38000|0|4|35.1000895|-78.9209960|03|||2
1|2|38000|6|4|35.0696240|-79.0082404|24|02||2
1|2|38000|21|4|35.0696240|-79.0082404|01|09|000000|2
2|2|38000|24|4|35.0696240|-79.0082404|01|06|000000|2
2|2|38000|0|4|35.0696240|-79.0082404|03|||2
1|2|38000|6|4|35.0857206|-78.9857874|24|02||2
1|2|38000|21|4|35.0857206|-78.9857874|01|09|000000|2
2|2|38000|24|4|35.0857206|-78.9857874|01|06|000000|2
2|2|38000|0|4|35.0857206|-78.9857874|03|||2
1|2|38000|6|4|35.0696098|-79.0046333|24|02||2
1|2|38000|21|4|35.0696098|-79.0046333|01|09|000000|2
2|2|38000|24|4|35.0696098|-79.0046333|01|06|000000|2
2|2|38000|0|4|35.0696098|-79.0046333|03|||2
1|2|38000|6|4|35.0803089|-78.9598974|24|02||2
1|2|38000|21|4|35.0803089|-78.9598974|01|09|000000|2
2|2|38000|24|4|35.0803089|-78.9598974|01|06|000000|2
2|2|38000|0|4|35.0803089|-78.9598974|03|||2
1|2|38000|6|4|35.0551808|-78.9799371|24|02||2
1|2|38000|21|4|35.0551808|-78.9799371|01|09|000000|2
2|2|38000|24|4|35.0551808|-78.9799371|01|06|000000|2
2|2|38000|0|4|35.0551808|-78.9799371|03|||2
1|2|38000|6|4|35.0636636|-78.8856444|24|02||2
1|2|38000|21|4|35.0636636|-78.8856444|01|09|000000|2
2|2|38000|24|4|35.0636636|-78.8856444|01|06|000000|2
2|2|38000|0|4|35.0636636|-78.8856444|03|||2
1|2|38000|6|4|35.0597270|-79.0055066|24|02||2
1|2|38000|21|4|35.0597270|-79.0055066|01|09|000000|2
2|2|38000|24|4|35.0597270|-79.0055066|01|06|000000|2
2|2|38000|0|4|35.0597270|-79.0055066|03|||2
1|2|38000|6|4|35.0615607|-78.9014840|24|02||2
1|2|38000|21|4|35.0615607|-78.9014840|01|09|000000|2
2|2|38000|24|4|35.0615607|-78.9014840|01|06|000000|2
2|2|38000|0|4|35.0615607|-78.9014840|03|||2
1|2|38000|6|4|35.0630516|-78.9767993|24|02||2
1|2|38000|21|4|35.0630516|-78.9767993|01|09|000000|2
2|2|38000|24|4|35.0630516|-78.9767993|01|06|000000|2
2|2|38000|0|4|35.0630516|-78.9767993|03|||2
1|2|38000|6|4|35.1045858|-78.9072922|24|02||2
1|2|38000|21|4|35.1045858|-78.9072922|01|09|000000|2
2|2|38000|24|4|35.1045858|-78.9072922|01|06|000000|2
2|2|38000|0|4|35.1045858|-78.9072922|03|||2
1|2|38000|6|4|35.0885572|-78.9220214|24|02||2
1|2|38000|21|4|35.0885572|-78.9220214|01|09|000000|2
2|2|38000|24|4|35.0885572|-78.9220214|01|06|000000|2
2|2|38000|0|4|35.0885572|-78.9220214|03|||2
1|2|38000|6|4|35.0821972|-78.9043873|24|02||2
1|2|38000|21|4|35.0821972|-78.9043873|01|09|000000|2
2|2|38000|24|4|35.0821972|-78.9043873|01|06|000000|2
2|2|38000|0|4|35.0821972|-78.9043873|03|||2
1|2|38000|6|4|35.0847543|-78.9053113|24|02||2
1|2|38000|21|4|35.0847543|-78.9053113|01|09|000000|2
2|2|38000|24|4|35.0847543|-78.9053113|01|06|000000|2
2|2|38000|0|4|35.0847543|-78.9053113|03|||2
1|2|38000|6|4|35.0788234|-78.9239210|24|02||2
1|2|38000|21|4|35.0788234|-78.9239210|01|09|000000|2
2|2|38000|24|4|35.0788234|-78.9239210|01|06|000000|2
2|2|38000|0|4|35.0788234|-78.9239210|03|||2
1|2|38000|6|4|35.0495183|-78.9931149|24|02||2
1|2|38000|21|4|35.0495183|-78.9931149|01|09|000000|2
2|2|38000|24|4|35.0495183|-78.9931149|01|06|000000|2
2|2|38000|0|4|35.0495183|-78.9931149|03|||2
1|2|38000|6|4|35.0713096|-79.0145256|24|02||2
1|2|38000|21|4|35.0713096|-79.0145256|01|09|000000|2
2|2|38000|24|4|35.0713096|-79.0145256|01|06|000000|2
2|2|38000|0|4|35.0713096|-79.0145256|03|||2
1|2|38000|6|4|35.1076479|-78.9411805|24|02||2
1|2|38000|21|4|35.1076479|-78.9411805|01|09|000000|2
2|2|38000|24|4|35.1076479|-78.9411805|01|06|000000|2
2|2|38000|0|4|35.1076479|-78.9411805|03|||2
1|2|38000|6|4|35.0791610|-78.9953270|24|02||2
1|2|38000|21|4|35.0791610|-78.9953270|01|09|000000|2
2|2|38000|24|4|35.0791610|-78.9953270|01|06|000000|2
2|2|38000|0|4|35.0791610|-78.9953270|03|||2
1|2|38000|6|4|35.0753065|-79.0177418|24|02||2
1|2|38000|21|4|35.0753065|-79.0177418|01|09|000000|2
2|2|38000|24|4|35.0753065|-79.0177418|01|06|000000|2
2|2|38000|0|4|35.0753065|-79.0177418|03|||2
1|2|38000|6|4|35.0555166|-78.9715724|24|02||2
1|2|38000|21|4|35.0555166|-78.9715724|01|09|000000|2
2|2|38000|24|4|35.0555166|-78.9715724|01|06|000000|2
2|2|38000|0|4|35.0555166|-78.9715724|03|||2
1|2|38000|6|4|35.1068891|-78.9237102|24|02||2
1|2|38000|21|4|35.1068891|-78.9237102|01|09|000000|2
2|2|38000|24|4|35.1068891|-78.9237102|01|06|000000|2
2|2|38000|0|4|35.1068891|-78.9237102|03|||2
1|2|38000|6|4|35.1086723|-78.9054667|24|02||2
1|2|38000|21|4|35.1086723|-78.9054667|01|09|000000|2
2|2|38000|24|4|35.1086723|-78.9054667|01|06|000000|2
2|2|38000|0|4|35.1086723|-78.9054667|03|||2
1|2|38000|6|4|35.0955056|-78.9402194|24|02||2
1|2|38000|21|4|35.0955056|-78.9402194|01|09|000000|2
2|2|38000|24|4|35.0955056|-78.9402194|01|06|000000|2
2|2|38000|0|4|35.0955056|-78.9402194|03|||2
1|2|38000|6|4|35.0780231|-78.9062950|24|02||2
1|2|38000|21|4|35.0780231|-78.9062950|01|09|000000|2
2|2|38000|24|4|35.0780231|-78.9062950|01|06|000000|2
2|2|38000|0|4|35.0780231|-78.9062950|03|||2
1|2|38000|6|4|35.1272038|-78.8728503|24|02||2
1|2|38000|21|4|35.1272038|-78.8728503|01|09|000000|2
2|2|38000|24|4|35.1272038|-78.8728503|01|06|000000|2
2|2|38000|0|4|35.1272038|-78.8728503|03|||2
1|2|38000|6|4|35.1394532|-78.8747243|24|02||2
1|2|38000|21|4|35.1394532|-78.8747243|01|09|000000|2
2|2|38000|24|4|35.1394532|-78.8747243|01|06|000000|2
2|2|38000|0|4|35.1394532|-78.8747243|03|||2
1|2|38000|6|4|35.0813596|-78.9044847|24|02||2
1|2|38000|21|4|35.0813596|-78.9044847|01|09|000000|2
2|2|38000|24|4|35.0813596|-78.9044847|01|06|000000|2
2|2|38000|0|4|35.0813596|-78.9044847|03|||2
1|2|38000|6|4|35.1086948|-78.9120420|24|02||2
1|2|38000|21|4|35.1086948|-78.9120420|01|09|000000|2
2|2|38000|24|4|35.1086948|-78.9120420|01|06|000000|2
2|2|38000|0|4|35.1086948|-78.9120420|03|||2
1|2|38000|6|4|35.0648603|-78.9763666|24|02||2
1|2|38000|21|4|35.0648603|-78.9763666|01|09|000000|2
2|2|38000|24|4|35.0648603|-78.9763666|01|06|000000|2
2|2|38000|0|4|35.0648603|-78.9763666|03|||2
1|2|38000|6|4|35.0609954|-79.0087411|24|02||2
1|2|38000|21|4|35.0609954|-79.0087411|01|09|000000|2
2|2|38000|24|4|35.0609954|-79.0087411|01|06|000000|2
2|2|38000|0|4|35.0609954|-79.0087411|03|||2
1|2|38000|6|4|35.0750070|-78.8983560|24|02||2
1|2|38000|21|4|35.0750070|-78.8983560|01|09|000000|2
2|2|38000|24|4|35.0750070|-78.8983560|01|06|000000|2
2|2|38000|0|4|35.0750070|-78.8983560|03|||2
1|2|38000|6|4|35.0760232|-78.9042308|24|02||2
1|2|38000|21|4|35.0760232|-78.9042308|01|09|000000|2
2|2|38000|24|4|35.0760232|-78.9042308|01|06|000000|2
2|2|38000|0|4|35.0760232|-78.9042308|03|||2
1|2|38000|6|4|35.0776161|-78.9766164|24|02||2
1|2|38000|21|4|35.0776161|-78.9766164|01|09|000000|2
2|2|38000|24|4|35.0776161|-78.9766164|01|06|000000|2
2|2|38000|0|4|35.0776161|-78.9766164|03|||2
1|2|38000|6|4|35.0707311|-79.0086721|24|02||2
1|2|38000|21|4|35.0707311|-79.0086721|01|09|000000|2
2|2|38000|24|4|35.0707311|-79.0086721|01|06|000000|2
2|2|38000|0|4|35.0707311|-79.0086721|03|||2
1|2|38000|6|4|35.0768296|-78.9037558|24|02||2
1|2|38000|21|4|35.0768296|-78.9037558|01|09|000000|2
2|2|38000|24|4|35.0768296|-78.9037558|01|06|000000|2
2|2|38000|0|4|35.0768296|-78.9037558|03|||2
1|2|38000|6|4|35.0781019|-78.9041839|24|02||2
1|2|38000|21|4|35.0781019|-78.9041839|01|09|000000|2
2|2|38000|24|4|35.0781019|-78.9041839|01|06|000000|2
2|2|38000|0|4|35.0781019|-78.9041839|03|||2
1|2|38000|6|4|35.0476204|-78.9715711|24|02||2
1|2|38000|21|4|35.0476204|-78.9715711|01|09|000000|2
2|2|38000|24|4|35.0476204|-78.9715711|01|06|000000|2
2|2|38000|0|4|35.0476204|-78.9715711|03|||2
1|2|38000|6|4|35.0533361|-78.9920764|24|02||2
1|2|38000|21|4|35.0533361|-78.9920764|01|09|000000|2
2|2|38000|24|4|35.0533361|-78.9920764|01|06|000000|2
2|2|38000|0|4|35.0533361|-78.9920764|03|||2
1|2|38000|6|4|35.0645320|-78.9534512|24|02||2
1|2|38000|21|4|35.0645320|-78.9534512|01|09|000000|2
2|2|38000|24|4|35.0645320|-78.9534512|01|06|000000|2
2|2|38000|0|4|35.0645320|-78.9534512|03|||2
1|2|38000|6|4|35.0516283|-78.9700920|24|02||2
1|2|38000|21|4|35.0516283|-78.9700920|01|09|000000|2
2|2|38000|24|4|35.0516283|-78.9700920|01|06|000000|2
2|2|38000|0|4|35.0516283|-78.9700920|03|||2
1|1|41800|72|2|35.8270793|-81.4185004|01|07|000000|1
2|1|41800|67|2|35.8270793|-81.4185004|01|09|000000|1
1|1|41800|72|2|35.8659320|-81.5895191|01|07|000000|1
2|1|41800|67|2|35.8659320|-81.5895191|01|09|000000|1
1|1|41800|72|2|35.9748075|-81.8950698|01|07|000000|1
2|1|41800|67|2|35.9748075|-81.8950698|01|09|000000|1
1|1|41800|72|2|35.8227692|-81.3466789|01|07|000000|1
2|1|41800|67|2|35.8227692|-81.3466789|01|09|000000|1
1|1|41800|72|2|35.7437139|-81.6648764|01|07|000000|1
2|1|41800|67|2|35.7437139|-81.6648764|01|09|000000|1
1|1|41800|72|2|35.8554167|-81.3377688|01|07|000000|1
2|1|41800|67|2|35.8554167|-81.3377688|01|09|000000|1
1|1|41800|72|2|35.9526145|-81.5163121|01|07|000000|1
2|1|41800|67|2|35.9526145|-81.5163121|01|09|000000|1
1|1|41800|72|2|35.9177736|-81.1309416|01|07|000000|1
2|1|41800|67|2|35.9177736|-81.1309416|01|09|000000|1
1|1|41800|72|2|35.7831401|-81.3692156|01|07|000000|1
2|1|41800|67|2|35.7831401|-81.3692156|01|09|000000|1
1|1|41800|72|2|35.6223912|-81.5410685|01|07|000000|1
2|1|41800|67|2|35.6223912|-81.5410685|01|09|000000|1
1|1|41800|72|2|35.8143319|-81.2868622|01|07|000000|1
2|1|41800|67|2|35.8143319|-81.2868622|01|09|000000|1
1|1|40000|32|4|36.2231992|-78.2882669|01|11|040000|1
2|1|40000|38|4|36.2231992|-78.2882669|01|13|000000|1
2|1|40000|5|4|36.2231992|-78.2882669|01|01||1
2|1|40000|2|4|36.2231992|-78.2882669|01|||1
1|1|40000|32|4|35.6813932|-78.3237801|01|11|040000|1
2|1|40000|38|4|35.6813932|-78.3237801|01|13|000000|1
2|1|40000|5|4|35.6813932|-78.3237801|01|01||1
2|1|40000|2|4|35.6813932|-78.3237801|01|||1
1|1|40000|32|4|35.6416532|-78.4544349|01|11|040000|1
2|1|40000|38|4|35.6416532|-78.4544349|01|13|000000|1
2|1|40000|5|4|35.6416532|-78.4544349|01|01||1
2|1|40000|2|4|35.6416532|-78.4544349|01|||1
1|1|40000|32|4|35.6790194|-78.3220189|01|11|040000|1
2|1|40000|38|4|35.6790194|-78.3220189|01|13|000000|1
2|1|40000|5|4|35.6790194|-78.3220189|01|01||1
2|1|40000|2|4|35.6790194|-78.3220189|01|||1
1|1|40000|32|4|36.0397851|-78.2206841|01|11|040000|1
2|1|40000|38|4|36.0397851|-78.2206841|01|13|000000|1
2|1|40000|5|4|36.0397851|-78.2206841|01|01||1
2|1|40000|2|4|36.0397851|-78.2206841|01|||1
1|1|40000|32|4|35.9555057|-78.2528159|01|11|040000|1
2|1|40000|38|4|35.9555057|-78.2528159|01|13|000000|1
2|1|40000|5|4|35.9555057|-78.2528159|01|01||1
2|1|40000|2|4|35.9555057|-78.2528159|01|||1
1|1|40000|32|4|35.5088776|-78.2463060|01|11|040000|1
2|1|40000|38|4|35.5088776|-78.2463060|01|13|000000|1
2|1|40000|5|4|35.5088776|-78.2463060|01|01||1
2|1|40000|2|4|35.5088776|-78.2463060|01|||1
1|1|40000|32|4|35.6879090|-78.4833777|01|11|040000|1
2|1|40000|38|4|35.6879090|-78.4833777|01|13|000000|1
2|1|40000|5|4|35.6879090|-78.4833777|01|01||1
2|1|40000|2|4|35.6879090|-78.4833777|01|||1
1|1|40000|32|4|35.6932638|-78.3506310|01|11|040000|1
2|1|40000|38|4|35.6932638|-78.3506310|01|13|000000|1
2|1|40000|5|4|35.6932638|-78.3506310|01|01||1
2|1|40000|2|4|35.6932638|-78.3506310|01|||1
1|1|40000|32|4|36.1910718|-78.1713145|01|11|040000|1
2|1|40000|38|4|36.1910718|-78.1713145|01|13|000000|1
2|1|40000|5|4|36.1910718|-78.1713145|01|01||1
2|1|40000|2|4|36.1910718|-78.1713145|01|||1
1|1|40000|32|4|35.5913625|-78.5626731|01|11|040000|1
2|1|40000|38|4|35.5913625|-78.5626731|01|13|000000|1
2|1|40000|5|4|35.5913625|-78.5626731|01|01||1
2|1|40000|2|4|35.5913625|-78.5626731|01|||1
1|1|40000|32|4|35.5733252|-78.6264198|01|11|040000|1
2|1|40000|38|4|35.5733252|-78.6264198|01|13|000000|1
2|1|40000|5|4|35.5733252|-78.6264198|01|01||1
2|1|40000|2|4|35.5733252|-78.6264198|01|||1
1|1|40000|32|4|36.0662634|-78.3115257|01|11|040000|1
2|1|40000|38|4|36.0662634|-78.3115257|01|13|000000|1
2|1|40000|5|4|36.0662634|-78.3115257|01|01||1
2|1|40000|2|4|36.0662634|-78.3115257|01|||1
1|1|40000|32|4|36.0044452|-78.2972488|01|11|040000|1
2|1|40000|38|4|36.0044452|-78.2972488|01|13|000000|1
2|1|40000|5|4|36.0044452|-78.2972488|01|01||1
2|1|40000|2|4|36.0044452|-78.2972488|01|||1
1|1|40000|32|4|35.5833036|-78.5691958|01|11|040000|1
2|1|40000|38|4|35.5833036|-78.5691958|01|13|000000|1
2|1|40000|5|4|35.5833036|-78.5691958|01|01||1
2|1|40000|2|4|35.5833036|-78.5691958|01|||1
1|1|40000|32|4|35.4742729|-78.3769814|01|11|040000|1
2|1|40000|38|4|35.4742729|-78.3769814|01|13|000000|1
2|1|40000|5|4|35.4742729|-78.3769814|01|01||1
2|1|40000|2|4|35.4742729|-78.3769814|01|||1
1|1|40000|32|4|35.6756892|-78.3438124|01|11|040000|1
2|1|40000|38|4|35.6756892|-78.3438124|01|13|000000|1
2|1|40000|5|4|35.6756892|-78.3438124|01|01||1
2|1|40000|2|4|35.6756892|-78.3438124|01|||1
1|1|40000|32|4|36.2228833|-78.2743095|01|11|040000|1
2|1|40000|38|4|36.2228833|-78.2743095|01|13|000000|1
2|1|40000|5|4|36.2228833|-78.2743095|01|01||1
2|1|40000|2|4|36.2228833|-78.2743095|01|||1
1|8|24000|48|4|36.0995524|-79.5141462|11|11|000000|8
2|8|24000|8|4|36.0995524|-79.5141462|11|02||8
2|8|24000|5|4|36.0995524|-79.5141462|11|02||8
2|8|24000|40|4|36.0995524|-79.5141462|11|10|000000|8
1|8|24000|48|4|36.1368301|-79.3408247|11|11|000000|8
2|8|24000|8|4|36.1368301|-79.3408247|11|02||8
2|8|24000|5|4|36.1368301|-79.3408247|11|02||8
2|8|24000|40|4|36.1368301|-79.3408247|11|10|000000|8
1|8|24000|48|4|36.0780684|-79.3979928|11|11|000000|8
2|8|24000|8|4|36.0780684|-79.3979928|11|02||8
2|8|24000|5|4|36.0780684|-79.3979928|11|02||8
2|8|24000|40|4|36.0780684|-79.3979928|11|10|000000|8
1|8|24000|48|4|36.0771078|-79.3962949|11|11|000000|8
2|8|24000|8|4|36.0771078|-79.3962949|11|02||8
2|8|24000|5|4|36.0771078|-79.3962949|11|02||8
2|8|24000|40|4|36.0771078|-79.3962949|11|10|000000|8
1|8|24000|48|4|36.0932368|-79.3617760|11|11|000000|8
2|8|24000|8|4|36.0932368|-79.3617760|11|02||8
2|8|24000|5|4|36.0932368|-79.3617760|11|02||8
2|8|24000|40|4|36.0932368|-79.3617760|11|10|000000|8
1|8|24000|48|4|36.0991831|-79.4798182|11|11|000000|8
2|8|24000|8|4|36.0991831|-79.4798182|11|02||8
2|8|24000|5|4|36.0991831|-79.4798182|11|02||8
2|8|24000|40|4|36.0991831|-79.4798182|11|10|000000|8
1|8|24000|48|4|36.0763355|-79.4236853|11|11|000000|8
2|8|24000|8|4|36.0763355|-79.4236853|11|02||8
2|8|24000|5|4|36.0763355|-79.4236853|11|02||8
2|8|24000|40|4|36.0763355|-79.4236853|11|10|000000|8
1|8|24000|48|4|36.0819226|-79.4014739|11|11|000000|8
2|8|24000|8|4|36.0819226|-79.4014739|11|02||8
2|8|24000|5|4|36.0819226|-79.4014739|11|02||8
2|8|24000|40|4|36.0819226|-79.4014739|11|10|000000|8
1|8|24000|48|4|36.1155153|-79.3874947|11|11|000000|8
2|8|24000|8|4|36.1155153|-79.3874947|11|02||8
2|8|24000|5|4|36.1155153|-79.3874947|11|02||8
2|8|24000|40|4|36.1155153|-79.3874947|11|10|000000|8
1|8|24000|48|4|36.0852375|-79.4326697|11|11|000000|8
2|8|24000|8|4|36.0852375|-79.4326697|11|02||8
2|8|24000|5|4|36.0852375|-79.4326697|11|02||8
2|8|24000|40|4|36.0852375|-79.4326697|11|10|000000|8
1|8|24000|48|4|36.0891796|-79.3910880|11|11|000000|8
2|8|24000|8|4|36.0891796|-79.3910880|11|02||8
2|8|24000|5|4|36.0891796|-79.3910880|11|02||8
2|8|24000|40|4|36.0891796|-79.3910880|11|10|000000|8
1|8|24000|48|4|36.0670833|-79.3756358|11|11|000000|8
2|8|24000|8|4|36.0670833|-79.3756358|11|02||8
2|8|24000|5|4|36.0670833|-79.3756358|11|02||8
2|8|24000|40|4|36.0670833|-79.3756358|11|10|000000|8
1|8|24000|48|4|36.0939832|-79.4157377|11|11|000000|8
2|8|24000|8|4|36.0939832|-79.4157377|11|02||8
2|8|24000|5|4|36.0939832|-79.4157377|11|02||8
2|8|24000|40|4|36.0939832|-79.4157377|11|10|000000|8
1|8|24000|48|4|36.0822918|-79.3984724|11|11|000000|8
2|8|24000|8|4|36.0822918|-79.3984724|11|02||8
2|8|24000|5|4|36.0822918|-79.3984724|11|02||8
2|8|24000|40|4|36.0822918|-79.3984724|11|10|000000|8
1|8|24000|48|4|36.1109138|-79.4586359|11|11|000000|8
2|8|24000|8|4|36.1109138|-79.4586359|11|02||8
2|8|24000|5|4|36.1109138|-79.4586359|11|02||8
2|8|24000|40|4|36.1109138|-79.4586359|11|10|000000|8
1|8|24000|48|4|36.0779769|-79.4237175|11|11|000000|8
2|8|24000|8|4|36.0779769|-79.4237175|11|02||8
2|8|24000|5|4|36.0779769|-79.4237175|11|02||8
2|8|24000|40|4|36.0779769|-79.4237175|11|10|000000|8
1|8|24000|48|4|36.0924883|-79.4784807|11|11|000000|8
2|8|24000|8|4|36.0924883|-79.4784807|11|02||8
2|8|24000|5|4|36.0924883|-79.4784807|11|02||8
2|8|24000|40|4|36.0924883|-79.4784807|11|10|000000|8
1|8|24000|48|4|36.1051647|-79.4057735|11|11|000000|8
2|8|24000|8|4|36.1051647|-79.4057735|11|02||8
2|8|24000|5|4|36.1051647|-79.4057735|11|02||8
2|8|24000|40|4|36.1051647|-79.4057735|11|10|000000|8
1|8|24000|48|4|35.9053635|-79.4800081|11|11|000000|8
2|8|24000|8|4|35.9053635|-79.4800081|11|02||8
2|8|24000|5|4|35.9053635|-79.4800081|11|02||8
2|8|24000|40|4|35.9053635|-79.4800081|11|10|000000|8
1|8|24000|48|4|36.0750161|-79.4092349|11|11|000000|8
2|8|24000|8|4|36.0750161|-79.4092349|11|02||8
2|8|24000|5|4|36.0750161|-79.4092349|11|02||8
2|8|24000|40|4|36.0750161|-79.4092349|11|10|000000|8
1|8|24000|48|4|36.0751335|-79.4567366|11|11|000000|8
2|8|24000|8|4|36.0751335|-79.4567366|11|02||8
2|8|24000|5|4|36.0751335|-79.4567366|11|02||8
2|8|24000|40|4|36.0751335|-79.4567366|11|10|000000|8
1|8|24000|48|4|36.0988764|-79.4285744|11|11|000000|8
2|8|24000|8|4|36.0988764|-79.4285744|11|02||8
2|8|24000|5|4|36.0988764|-79.4285744|11|02||8
2|8|24000|40|4|36.0988764|-79.4285744|11|10|000000|8
1|8|24000|48|4|36.1110628|-79.4566778|11|11|000000|8
2|8|24000|8|4|36.1110628|-79.4566778|11|02||8
2|8|24000|5|4|36.1110628|-79.4566778|11|02||8
2|8|24000|40|4|36.1110628|-79.4566778|11|10|000000|8
1|8|24000|48|4|36.1126954|-79.4505457|11|11|000000|8
2|8|24000|8|4|36.1126954|-79.4505457|11|02||8
2|8|24000|5|4|36.1126954|-79.4505457|11|02||8
2|8|24000|40|4|36.1126954|-79.4505457|11|10|000000|8
1|8|24000|48|4|36.0827058|-79.4088640|11|11|000000|8
2|8|24000|8|4|36.0827058|-79.4088640|11|02||8
2|8|24000|5|4|36.0827058|-79.4088640|11|02||8
2|8|24000|40|4|36.0827058|-79.4088640|11|10|000000|8
1|8|24000|48|4|36.0756672|-79.4752017|11|11|000000|8
2|8|24000|8|4|36.0756672|-79.4752017|11|02||8
2|8|24000|5|4|36.0756672|-79.4752017|11|02||8
2|8|24000|40|4|36.0756672|-79.4752017|11|10|000000|8
1|8|24000|48|4|36.1003437|-79.4116944|11|11|000000|8
2|8|24000|8|4|36.1003437|-79.4116944|11|02||8
2|8|24000|5|4|36.1003437|-79.4116944|11|02||8
2|8|24000|40|4|36.1003437|-79.4116944|11|10|000000|8
1|8|24000|48|4|36.1074809|-79.4137178|11|11|000000|8
2|8|24000|8|4|36.1074809|-79.4137178|11|02||8
2|8|24000|5|4|36.1074809|-79.4137178|11|02||8
2|8|24000|40|4|36.1074809|-79.4137178|11|10|000000|8
1|8|24000|48|4|36.1137500|-79.4127177|11|11|000000|8
2|8|24000|8|4|36.1137500|-79.4127177|11|02||8
2|8|24000|5|4|36.1137500|-79.4127177|11|02||8
2|8|24000|40|4|36.1137500|-79.4127177|11|10|000000|8
1|8|24000|48|4|36.1245731|-79.4540232|11|11|000000|8
2|8|24000|8|4|36.1245731|-79.4540232|11|02||8
2|8|24000|5|4|36.1245731|-79.4540232|11|02||8
2|8|24000|40|4|36.1245731|-79.4540232|11|10|000000|8
1|8|24000|48|4|36.0693175|-79.3793578|11|11|000000|8
2|8|24000|8|4|36.0693175|-79.3793578|11|02||8
2|8|24000|5|4|36.0693175|-79.3793578|11|02||8
2|8|24000|40|4|36.0693175|-79.3793578|11|10|000000|8
1|8|24000|48|4|36.0665997|-79.3630764|11|11|000000|8
2|8|24000|8|4|36.0665997|-79.3630764|11|02||8
2|8|24000|5|4|36.0665997|-79.3630764|11|02||8
2|8|24000|40|4|36.0665997|-79.3630764|11|10|000000|8
1|8|24000|48|4|36.1303804|-79.3489145|11|11|000000|8
2|8|24000|8|4|36.1303804|-79.3489145|11|02||8
2|8|24000|5|4|36.1303804|-79.3489145|11|02||8
2|8|24000|40|4|36.1303804|-79.3489145|11|10|000000|8
1|8|24000|48|4|36.0542359|-79.3948044|11|11|000000|8
2|8|24000|8|4|36.0542359|-79.3948044|11|02||8
2|8|24000|5|4|36.0542359|-79.3948044|11|02||8
2|8|24000|40|4|36.0542359|-79.3948044|11|10|000000|8
1|8|24000|48|4|36.0894288|-79.3919123|11|11|000000|8
2|8|24000|8|4|36.0894288|-79.3919123|11|02||8
2|8|24000|5|4|36.0894288|-79.3919123|11|02||8
2|8|24000|40|4|36.0894288|-79.3919123|11|10|000000|8
1|8|24000|48|4|36.0787551|-79.3347404|11|11|000000|8
2|8|24000|8|4|36.0787551|-79.3347404|11|02||8
2|8|24000|5|4|36.0787551|-79.3347404|11|02||8
2|8|24000|40|4|36.0787551|-79.3347404|11|10|000000|8
1|8|24000|48|4|36.0766995|-79.4250746|11|11|000000|8
2|8|24000|8|4|36.0766995|-79.4250746|11|02||8
2|8|24000|5|4|36.0766995|-79.4250746|11|02||8
2|8|24000|40|4|36.0766995|-79.4250746|11|10|000000|8
1|8|24000|48|4|36.0995833|-79.5151674|11|11|000000|8
2|8|24000|8|4|36.0995833|-79.5151674|11|02||8
2|8|24000|5|4|36.0995833|-79.5151674|11|02||8
2|8|24000|40|4|36.0995833|-79.5151674|11|10|000000|8
1|8|24000|48|4|36.0760157|-79.4225985|11|11|000000|8
2|8|24000|8|4|36.0760157|-79.4225985|11|02||8
2|8|24000|5|4|36.0760157|-79.4225985|11|02||8
2|8|24000|40|4|36.0760157|-79.4225985|11|10|000000|8
1|8|24000|48|4|36.0775508|-79.3336758|11|11|000000|8
2|8|24000|8|4|36.0775508|-79.3336758|11|02||8
2|8|24000|5|4|36.0775508|-79.3336758|11|02||8
2|8|24000|40|4|36.0775508|-79.3336758|11|10|000000|8
1|8|24000|48|4|36.0598317|-79.3789536|11|11|000000|8
2|8|24000|8|4|36.0598317|-79.3789536|11|02||8
2|8|24000|5|4|36.0598317|-79.3789536|11|02||8
2|8|24000|40|4|36.0598317|-79.3789536|11|10|000000|8
1|8|24000|48|4|36.0682425|-79.3864179|11|11|000000|8
2|8|24000|8|4|36.0682425|-79.3864179|11|02||8
2|8|24000|5|4|36.0682425|-79.3864179|11|02||8
2|8|24000|40|4|36.0682425|-79.3864179|11|10|000000|8
1|8|24000|48|4|36.0980974|-79.3512500|11|11|000000|8
2|8|24000|8|4|36.0980974|-79.3512500|11|02||8
2|8|24000|5|4|36.0980974|-79.3512500|11|02||8
2|8|24000|40|4|36.0980974|-79.3512500|11|10|000000|8
1|8|24000|48|4|36.0707356|-79.3820155|11|11|000000|8
2|8|24000|8|4|36.0707356|-79.3820155|11|02||8
2|8|24000|5|4|36.0707356|-79.3820155|11|02||8
2|8|24000|40|4|36.0707356|-79.3820155|11|10|000000|8
1|8|24000|48|4|36.0720324|-79.4520437|11|11|000000|8
2|8|24000|8|4|36.0720324|-79.4520437|11|02||8
2|8|24000|5|4|36.0720324|-79.4520437|11|02||8
2|8|24000|40|4|36.0720324|-79.4520437|11|10|000000|8
1|8|24000|48|4|36.1092806|-79.4429484|11|11|000000|8
2|8|24000|8|4|36.1092806|-79.4429484|11|02||8
2|8|24000|5|4|36.1092806|-79.4429484|11|02||8
2|8|24000|40|4|36.1092806|-79.4429484|11|10|000000|8
1|8|24000|48|4|36.1127070|-79.4333108|11|11|000000|8
2|8|24000|8|4|36.1127070|-79.4333108|11|02||8
2|8|24000|5|4|36.1127070|-79.4333108|11|02||8
2|8|24000|40|4|36.1127070|-79.4333108|11|10|000000|8
1|8|24000|48|4|36.0689072|-79.3831196|11|11|000000|8
2|8|24000|8|4|36.0689072|-79.3831196|11|02||8
2|8|24000|5|4|36.0689072|-79.3831196|11|02||8
2|8|24000|40|4|36.0689072|-79.3831196|11|10|000000|8
1|8|24000|48|4|36.0879949|-79.3704419|11|11|000000|8
2|8|24000|8|4|36.0879949|-79.3704419|11|02||8
2|8|24000|5|4|36.0879949|-79.3704419|11|02||8
2|8|24000|40|4|36.0879949|-79.3704419|11|10|000000|8
1|8|24000|48|4|36.1244873|-79.3423102|11|11|000000|8
2|8|24000|8|4|36.1244873|-79.3423102|11|02||8
2|8|24000|5|4|36.1244873|-79.3423102|11|02||8
2|8|24000|40|4|36.1244873|-79.3423102|11|10|000000|8
1|8|24000|48|4|36.1250661|-79.4571697|11|11|000000|8
2|8|24000|8|4|36.1250661|-79.4571697|11|02||8
2|8|24000|5|4|36.1250661|-79.4571697|11|02||8
2|8|24000|40|4|36.1250661|-79.4571697|11|10|000000|8
1|8|24000|48|4|36.0600792|-79.4305829|11|11|000000|8
2|8|24000|8|4|36.0600792|-79.4305829|11|02||8
2|8|24000|5|4|36.0600792|-79.4305829|11|02||8
2|8|24000|40|4|36.0600792|-79.4305829|11|10|000000|8
1|8|24000|48|4|35.9896782|-79.4817154|11|11|000000|8
2|8|24000|8|4|35.9896782|-79.4817154|11|02||8
